[0.013s] Invoking command in '/root/ros2_ws/src/endicott_interfaces/build/endicott_interfaces': CMAKE_PREFIX_PATH=${CMAKE_PREFIX_PATH}:/root/ros2_ws/install/turtlebot3_teleop:/opt/ros/humble /usr/bin/cmake /root/ros2_ws/src/endicott_interfaces -DCMAKE_INSTALL_PREFIX=/root/ros2_ws/src/endicott_interfaces/install/endicott_interfaces
[0.115s] -- The C compiler identification is GNU 11.4.0
[0.444s] -- The CXX compiler identification is GNU 11.4.0
[0.643s] -- Detecting C compiler ABI info
[0.744s] -- Detecting C compiler ABI info - done
[0.749s] -- Check for working C compiler: /usr/bin/cc - skipped
[0.749s] -- Detecting C compile features
[0.749s] -- Detecting C compile features - done
[0.751s] -- Detecting CXX compiler ABI info
[0.861s] -- Detecting CXX compiler ABI info - done
[0.867s] -- Check for working CXX compiler: /usr/bin/c++ - skipped
[0.867s] -- Detecting CXX compile features
[0.867s] -- Detecting CXX compile features - done
[0.869s] -- Found ament_cmake: 1.3.11 (/opt/ros/humble/share/ament_cmake/cmake)
[0.981s] -- Found Python3: /usr/bin/python3 (found version "3.10.12") found components: Interpreter 
[1.053s] -- Found geometry_msgs: 4.2.4 (/opt/ros/humble/share/geometry_msgs/cmake)
[1.161s] -- Found rosidl_generator_c: 3.1.6 (/opt/ros/humble/share/rosidl_generator_c/cmake)
[1.165s] -- Found rosidl_adapter: 3.1.6 (/opt/ros/humble/share/rosidl_adapter/cmake)
[1.172s] -- Found rosidl_generator_cpp: 3.1.6 (/opt/ros/humble/share/rosidl_generator_cpp/cmake)
[1.180s] -- Using all available rosidl_typesupport_c: rosidl_typesupport_fastrtps_c;rosidl_typesupport_introspection_c
[1.192s] -- Using all available rosidl_typesupport_cpp: rosidl_typesupport_fastrtps_cpp;rosidl_typesupport_introspection_cpp
[1.222s] -- Found rosidl_default_generators: 1.2.0 (/opt/ros/humble/share/rosidl_default_generators/cmake)
[1.426s] -- Found ament_cmake_ros: 0.10.0 (/opt/ros/humble/share/ament_cmake_ros/cmake)
[1.690s] -- Using all available rosidl_typesupport_c: rosidl_typesupport_fastrtps_c;rosidl_typesupport_introspection_c
[1.791s] -- Using all available rosidl_typesupport_cpp: rosidl_typesupport_fastrtps_cpp;rosidl_typesupport_introspection_cpp
[1.886s] -- Found PythonInterp: /usr/bin/python3 (found suitable version "3.10.12", minimum required is "3.6") 
[1.888s] -- Found python_cmake_module: 0.10.0 (/opt/ros/humble/share/python_cmake_module/cmake)
[2.112s] -- Found PythonLibs: /usr/lib/x86_64-linux-gnu/libpython3.10.so (found suitable version "3.10.12", minimum required is "3.5") 
[2.112s] -- Using PYTHON_EXECUTABLE: /usr/bin/python3
[2.112s] -- Using PYTHON_INCLUDE_DIRS: /usr/include/python3.10
[2.112s] -- Using PYTHON_LIBRARIES: /usr/lib/x86_64-linux-gnu/libpython3.10.so
[2.129s] -- Found PythonExtra: .so  
[2.199s] -- Configuring done
[2.229s] -- Generating done
[2.241s] -- Build files have been written to: /root/ros2_ws/src/endicott_interfaces/build/endicott_interfaces
[2.251s] Invoked command in '/root/ros2_ws/src/endicott_interfaces/build/endicott_interfaces' returned '0': CMAKE_PREFIX_PATH=${CMAKE_PREFIX_PATH}:/root/ros2_ws/install/turtlebot3_teleop:/opt/ros/humble /usr/bin/cmake /root/ros2_ws/src/endicott_interfaces -DCMAKE_INSTALL_PREFIX=/root/ros2_ws/src/endicott_interfaces/install/endicott_interfaces
[2.252s] Invoking command in '/root/ros2_ws/src/endicott_interfaces/build/endicott_interfaces': CMAKE_PREFIX_PATH=${CMAKE_PREFIX_PATH}:/root/ros2_ws/install/turtlebot3_teleop:/opt/ros/humble /usr/bin/cmake --build /root/ros2_ws/src/endicott_interfaces/build/endicott_interfaces -- -j8 -l8
[2.283s] [  3%] [34m[1mGenerating C code for ROS interfaces[0m
[2.292s] [  6%] [34m[1mGenerating C++ code for ROS interfaces[0m
[2.297s] [  6%] Built target ament_cmake_python_copy_endicott_interfaces
[2.526s] running egg_info
[2.527s] creating endicott_interfaces.egg-info
[2.527s] writing endicott_interfaces.egg-info/PKG-INFO
[2.528s] writing dependency_links to endicott_interfaces.egg-info/dependency_links.txt
[2.528s] writing top-level names to endicott_interfaces.egg-info/top_level.txt
[2.528s] writing manifest file 'endicott_interfaces.egg-info/SOURCES.txt'
[2.531s] reading manifest file 'endicott_interfaces.egg-info/SOURCES.txt'
[2.532s] writing manifest file 'endicott_interfaces.egg-info/SOURCES.txt'
[2.533s] [  9%] [32mBuilding C object CMakeFiles/endicott_interfaces__rosidl_generator_c.dir/rosidl_generator_c/endicott_interfaces/msg/detail/move_status__functions.c.o[0m
[2.533s] [  9%] Built target endicott_interfaces__cpp
[2.544s] [ 12%] [34m[1mGenerating C++ type support dispatch for ROS interfaces[0m
[2.545s] [ 16%] [34m[1mGenerating C++ introspection for ROS interfaces[0m
[2.545s] [ 19%] [34m[1mGenerating C++ type support for eProsima Fast-RTPS[0m
[2.563s] [ 19%] Built target ament_cmake_python_build_endicott_interfaces_egg
[2.586s] [ 22%] [32m[1mLinking C shared library libendicott_interfaces__rosidl_generator_c.so[0m
[2.655s] [ 22%] Built target endicott_interfaces__rosidl_generator_c
[2.666s] [ 25%] [34m[1mGenerating C type support dispatch for ROS interfaces[0m
[2.667s] [ 29%] [34m[1mGenerating C introspection for ROS interfaces[0m
[2.667s] [ 32%] [34m[1mGenerating C type support for eProsima Fast-RTPS[0m
[2.807s] [ 35%] [32mBuilding CXX object CMakeFiles/endicott_interfaces__rosidl_typesupport_cpp.dir/rosidl_typesupport_cpp/endicott_interfaces/msg/move_status__type_support.cpp.o[0m
[2.818s] [ 38%] [32mBuilding CXX object CMakeFiles/endicott_interfaces__rosidl_typesupport_introspection_cpp.dir/rosidl_typesupport_introspection_cpp/endicott_interfaces/msg/detail/move_status__type_support.cpp.o[0m
[2.832s] [ 41%] [32mBuilding CXX object CMakeFiles/endicott_interfaces__rosidl_typesupport_fastrtps_cpp.dir/rosidl_typesupport_fastrtps_cpp/endicott_interfaces/msg/detail/dds_fastrtps/move_status__type_support.cpp.o[0m
[2.953s] [ 45%] [32mBuilding CXX object CMakeFiles/endicott_interfaces__rosidl_typesupport_c.dir/rosidl_typesupport_c/endicott_interfaces/msg/move_status__type_support.cpp.o[0m
[2.973s] [ 48%] [32mBuilding CXX object CMakeFiles/endicott_interfaces__rosidl_typesupport_fastrtps_c.dir/rosidl_typesupport_fastrtps_c/endicott_interfaces/msg/detail/move_status__type_support_c.cpp.o[0m
[2.979s] [ 51%] [32mBuilding C object CMakeFiles/endicott_interfaces__rosidl_typesupport_introspection_c.dir/rosidl_typesupport_introspection_c/endicott_interfaces/msg/detail/move_status__type_support.c.o[0m
[2.986s] [ 54%] [32m[1mLinking CXX shared library libendicott_interfaces__rosidl_typesupport_c.so[0m
[3.018s] [ 58%] [32m[1mLinking C shared library libendicott_interfaces__rosidl_typesupport_introspection_c.so[0m
[3.082s] [ 58%] Built target endicott_interfaces__rosidl_typesupport_c
[3.105s] [ 58%] Built target endicott_interfaces__rosidl_typesupport_introspection_c
[3.122s] [ 61%] [32m[1mLinking CXX shared library libendicott_interfaces__rosidl_typesupport_cpp.so[0m
[3.210s] [ 61%] Built target endicott_interfaces__rosidl_typesupport_cpp
[3.245s] [ 64%] [32m[1mLinking CXX shared library libendicott_interfaces__rosidl_typesupport_introspection_cpp.so[0m
[3.266s] [ 67%] [32m[1mLinking CXX shared library libendicott_interfaces__rosidl_typesupport_fastrtps_cpp.so[0m
[3.338s] [ 67%] Built target endicott_interfaces__rosidl_typesupport_introspection_cpp
[3.339s] [ 70%] [32m[1mLinking CXX shared library libendicott_interfaces__rosidl_typesupport_fastrtps_c.so[0m
[3.369s] [ 70%] Built target endicott_interfaces__rosidl_typesupport_fastrtps_cpp
[3.436s] [ 70%] Built target endicott_interfaces__rosidl_typesupport_fastrtps_c
[3.455s] [ 70%] Built target endicott_interfaces
[3.471s] [ 74%] [34m[1mGenerating Python code for ROS interfaces[0m
[3.684s] [ 74%] Built target endicott_interfaces__py
[3.700s] [ 77%] [32mBuilding C object CMakeFiles/endicott_interfaces__rosidl_generator_py.dir/rosidl_generator_py/endicott_interfaces/msg/_move_status_s.c.o[0m
[3.772s] [ 80%] [32m[1mLinking C shared library rosidl_generator_py/endicott_interfaces/libendicott_interfaces__rosidl_generator_py.so[0m
[3.851s] [ 80%] Built target endicott_interfaces__rosidl_generator_py
[3.869s] [ 90%] [32mBuilding C object CMakeFiles/endicott_interfaces__rosidl_typesupport_c__pyext.dir/rosidl_generator_py/endicott_interfaces/_endicott_interfaces_s.ep.rosidl_typesupport_c.c.o[0m
[3.869s] [ 90%] [32mBuilding C object CMakeFiles/endicott_interfaces__rosidl_typesupport_introspection_c__pyext.dir/rosidl_generator_py/endicott_interfaces/_endicott_interfaces_s.ep.rosidl_typesupport_introspection_c.c.o[0m
[3.869s] [ 90%] [32mBuilding C object CMakeFiles/endicott_interfaces__rosidl_typesupport_fastrtps_c__pyext.dir/rosidl_generator_py/endicott_interfaces/_endicott_interfaces_s.ep.rosidl_typesupport_fastrtps_c.c.o[0m
[3.942s] [ 93%] [32m[1mLinking C shared library rosidl_generator_py/endicott_interfaces/endicott_interfaces_s__rosidl_typesupport_c.cpython-310-x86_64-linux-gnu.so[0m
[3.949s] [ 96%] [32m[1mLinking C shared library rosidl_generator_py/endicott_interfaces/endicott_interfaces_s__rosidl_typesupport_introspection_c.cpython-310-x86_64-linux-gnu.so[0m
[3.951s] [100%] [32m[1mLinking C shared library rosidl_generator_py/endicott_interfaces/endicott_interfaces_s__rosidl_typesupport_fastrtps_c.cpython-310-x86_64-linux-gnu.so[0m
[4.014s] [100%] Built target endicott_interfaces__rosidl_typesupport_fastrtps_c__pyext
[4.014s] [100%] Built target endicott_interfaces__rosidl_typesupport_c__pyext
[4.014s] [100%] Built target endicott_interfaces__rosidl_typesupport_introspection_c__pyext
[4.026s] Invoked command in '/root/ros2_ws/src/endicott_interfaces/build/endicott_interfaces' returned '0': CMAKE_PREFIX_PATH=${CMAKE_PREFIX_PATH}:/root/ros2_ws/install/turtlebot3_teleop:/opt/ros/humble /usr/bin/cmake --build /root/ros2_ws/src/endicott_interfaces/build/endicott_interfaces -- -j8 -l8
[4.033s] Invoking command in '/root/ros2_ws/src/endicott_interfaces/build/endicott_interfaces': CMAKE_PREFIX_PATH=${CMAKE_PREFIX_PATH}:/root/ros2_ws/install/turtlebot3_teleop:/opt/ros/humble /usr/bin/cmake --install /root/ros2_ws/src/endicott_interfaces/build/endicott_interfaces
[4.040s] -- Install configuration: ""
[4.040s] -- Installing: /root/ros2_ws/src/endicott_interfaces/install/endicott_interfaces/share/ament_index/resource_index/rosidl_interfaces/endicott_interfaces
[4.041s] -- Installing: /root/ros2_ws/src/endicott_interfaces/install/endicott_interfaces/include/endicott_interfaces/endicott_interfaces
[4.041s] -- Installing: /root/ros2_ws/src/endicott_interfaces/install/endicott_interfaces/include/endicott_interfaces/endicott_interfaces/msg
[4.041s] -- Installing: /root/ros2_ws/src/endicott_interfaces/install/endicott_interfaces/include/endicott_interfaces/endicott_interfaces/msg/move_status.h
[4.041s] -- Installing: /root/ros2_ws/src/endicott_interfaces/install/endicott_interfaces/include/endicott_interfaces/endicott_interfaces/msg/rosidl_generator_c__visibility_control.h
[4.041s] -- Installing: /root/ros2_ws/src/endicott_interfaces/install/endicott_interfaces/include/endicott_interfaces/endicott_interfaces/msg/detail
[4.042s] -- Installing: /root/ros2_ws/src/endicott_interfaces/install/endicott_interfaces/include/endicott_interfaces/endicott_interfaces/msg/detail/move_status__functions.h
[4.042s] -- Installing: /root/ros2_ws/src/endicott_interfaces/install/endicott_interfaces/include/endicott_interfaces/endicott_interfaces/msg/detail/move_status__struct.h
[4.042s] -- Installing: /root/ros2_ws/src/endicott_interfaces/install/endicott_interfaces/include/endicott_interfaces/endicott_interfaces/msg/detail/move_status__functions.c
[4.042s] -- Installing: /root/ros2_ws/src/endicott_interfaces/install/endicott_interfaces/include/endicott_interfaces/endicott_interfaces/msg/detail/move_status__type_support.h
[4.042s] -- Installing: /root/ros2_ws/src/endicott_interfaces/install/endicott_interfaces/share/endicott_interfaces/environment/library_path.sh
[4.042s] -- Installing: /root/ros2_ws/src/endicott_interfaces/install/endicott_interfaces/share/endicott_interfaces/environment/library_path.dsv
[4.043s] -- Installing: /root/ros2_ws/src/endicott_interfaces/install/endicott_interfaces/lib/libendicott_interfaces__rosidl_generator_c.so
[4.043s] -- Set runtime path of "/root/ros2_ws/src/endicott_interfaces/install/endicott_interfaces/lib/libendicott_interfaces__rosidl_generator_c.so" to ""
[4.043s] -- Up-to-date: /root/ros2_ws/src/endicott_interfaces/install/endicott_interfaces/include/endicott_interfaces/endicott_interfaces
[4.043s] -- Up-to-date: /root/ros2_ws/src/endicott_interfaces/install/endicott_interfaces/include/endicott_interfaces/endicott_interfaces/msg
[4.043s] -- Installing: /root/ros2_ws/src/endicott_interfaces/install/endicott_interfaces/include/endicott_interfaces/endicott_interfaces/msg/rosidl_typesupport_fastrtps_c__visibility_control.h
[4.044s] -- Up-to-date: /root/ros2_ws/src/endicott_interfaces/install/endicott_interfaces/include/endicott_interfaces/endicott_interfaces/msg/detail
[4.044s] -- Installing: /root/ros2_ws/src/endicott_interfaces/install/endicott_interfaces/include/endicott_interfaces/endicott_interfaces/msg/detail/move_status__rosidl_typesupport_fastrtps_c.h
[4.044s] -- Installing: /root/ros2_ws/src/endicott_interfaces/install/endicott_interfaces/lib/libendicott_interfaces__rosidl_typesupport_fastrtps_c.so
[4.044s] -- Set runtime path of "/root/ros2_ws/src/endicott_interfaces/install/endicott_interfaces/lib/libendicott_interfaces__rosidl_typesupport_fastrtps_c.so" to ""
[4.044s] -- Up-to-date: /root/ros2_ws/src/endicott_interfaces/install/endicott_interfaces/include/endicott_interfaces/endicott_interfaces
[4.045s] -- Up-to-date: /root/ros2_ws/src/endicott_interfaces/install/endicott_interfaces/include/endicott_interfaces/endicott_interfaces/msg
[4.045s] -- Installing: /root/ros2_ws/src/endicott_interfaces/install/endicott_interfaces/include/endicott_interfaces/endicott_interfaces/msg/rosidl_generator_cpp__visibility_control.hpp
[4.045s] -- Installing: /root/ros2_ws/src/endicott_interfaces/install/endicott_interfaces/include/endicott_interfaces/endicott_interfaces/msg/move_status.hpp
[4.045s] -- Up-to-date: /root/ros2_ws/src/endicott_interfaces/install/endicott_interfaces/include/endicott_interfaces/endicott_interfaces/msg/detail
[4.045s] -- Installing: /root/ros2_ws/src/endicott_interfaces/install/endicott_interfaces/include/endicott_interfaces/endicott_interfaces/msg/detail/move_status__traits.hpp
[4.045s] -- Installing: /root/ros2_ws/src/endicott_interfaces/install/endicott_interfaces/include/endicott_interfaces/endicott_interfaces/msg/detail/move_status__struct.hpp
[4.045s] -- Installing: /root/ros2_ws/src/endicott_interfaces/install/endicott_interfaces/include/endicott_interfaces/endicott_interfaces/msg/detail/move_status__builder.hpp
[4.045s] -- Installing: /root/ros2_ws/src/endicott_interfaces/install/endicott_interfaces/include/endicott_interfaces/endicott_interfaces/msg/detail/move_status__type_support.hpp
[4.046s] -- Up-to-date: /root/ros2_ws/src/endicott_interfaces/install/endicott_interfaces/include/endicott_interfaces/endicott_interfaces
[4.046s] -- Up-to-date: /root/ros2_ws/src/endicott_interfaces/install/endicott_interfaces/include/endicott_interfaces/endicott_interfaces/msg
[4.046s] -- Installing: /root/ros2_ws/src/endicott_interfaces/install/endicott_interfaces/include/endicott_interfaces/endicott_interfaces/msg/rosidl_typesupport_fastrtps_cpp__visibility_control.h
[4.046s] -- Up-to-date: /root/ros2_ws/src/endicott_interfaces/install/endicott_interfaces/include/endicott_interfaces/endicott_interfaces/msg/detail
[4.046s] -- Installing: /root/ros2_ws/src/endicott_interfaces/install/endicott_interfaces/include/endicott_interfaces/endicott_interfaces/msg/detail/dds_fastrtps
[4.046s] -- Installing: /root/ros2_ws/src/endicott_interfaces/install/endicott_interfaces/include/endicott_interfaces/endicott_interfaces/msg/detail/move_status__rosidl_typesupport_fastrtps_cpp.hpp
[4.046s] -- Installing: /root/ros2_ws/src/endicott_interfaces/install/endicott_interfaces/lib/libendicott_interfaces__rosidl_typesupport_fastrtps_cpp.so
[4.046s] -- Set runtime path of "/root/ros2_ws/src/endicott_interfaces/install/endicott_interfaces/lib/libendicott_interfaces__rosidl_typesupport_fastrtps_cpp.so" to ""
[4.046s] -- Up-to-date: /root/ros2_ws/src/endicott_interfaces/install/endicott_interfaces/include/endicott_interfaces/endicott_interfaces
[4.047s] -- Up-to-date: /root/ros2_ws/src/endicott_interfaces/install/endicott_interfaces/include/endicott_interfaces/endicott_interfaces/msg
[4.047s] -- Installing: /root/ros2_ws/src/endicott_interfaces/install/endicott_interfaces/include/endicott_interfaces/endicott_interfaces/msg/rosidl_typesupport_introspection_c__visibility_control.h
[4.047s] -- Up-to-date: /root/ros2_ws/src/endicott_interfaces/install/endicott_interfaces/include/endicott_interfaces/endicott_interfaces/msg/detail
[4.047s] -- Installing: /root/ros2_ws/src/endicott_interfaces/install/endicott_interfaces/include/endicott_interfaces/endicott_interfaces/msg/detail/move_status__type_support.c
[4.047s] -- Installing: /root/ros2_ws/src/endicott_interfaces/install/endicott_interfaces/include/endicott_interfaces/endicott_interfaces/msg/detail/move_status__rosidl_typesupport_introspection_c.h
[4.047s] -- Installing: /root/ros2_ws/src/endicott_interfaces/install/endicott_interfaces/lib/libendicott_interfaces__rosidl_typesupport_introspection_c.so
[4.047s] -- Set runtime path of "/root/ros2_ws/src/endicott_interfaces/install/endicott_interfaces/lib/libendicott_interfaces__rosidl_typesupport_introspection_c.so" to ""
[4.047s] -- Installing: /root/ros2_ws/src/endicott_interfaces/install/endicott_interfaces/lib/libendicott_interfaces__rosidl_typesupport_c.so
[4.047s] -- Set runtime path of "/root/ros2_ws/src/endicott_interfaces/install/endicott_interfaces/lib/libendicott_interfaces__rosidl_typesupport_c.so" to ""
[4.047s] -- Up-to-date: /root/ros2_ws/src/endicott_interfaces/install/endicott_interfaces/include/endicott_interfaces/endicott_interfaces
[4.047s] -- Up-to-date: /root/ros2_ws/src/endicott_interfaces/install/endicott_interfaces/include/endicott_interfaces/endicott_interfaces/msg
[4.047s] -- Up-to-date: /root/ros2_ws/src/endicott_interfaces/install/endicott_interfaces/include/endicott_interfaces/endicott_interfaces/msg/detail
[4.047s] -- Installing: /root/ros2_ws/src/endicott_interfaces/install/endicott_interfaces/include/endicott_interfaces/endicott_interfaces/msg/detail/move_status__type_support.cpp
[4.047s] -- Installing: /root/ros2_ws/src/endicott_interfaces/install/endicott_interfaces/include/endicott_interfaces/endicott_interfaces/msg/detail/move_status__rosidl_typesupport_introspection_cpp.hpp
[4.047s] -- Installing: /root/ros2_ws/src/endicott_interfaces/install/endicott_interfaces/lib/libendicott_interfaces__rosidl_typesupport_introspection_cpp.so
[4.048s] -- Set runtime path of "/root/ros2_ws/src/endicott_interfaces/install/endicott_interfaces/lib/libendicott_interfaces__rosidl_typesupport_introspection_cpp.so" to ""
[4.048s] -- Installing: /root/ros2_ws/src/endicott_interfaces/install/endicott_interfaces/lib/libendicott_interfaces__rosidl_typesupport_cpp.so
[4.048s] -- Set runtime path of "/root/ros2_ws/src/endicott_interfaces/install/endicott_interfaces/lib/libendicott_interfaces__rosidl_typesupport_cpp.so" to ""
[4.048s] -- Installing: /root/ros2_ws/src/endicott_interfaces/install/endicott_interfaces/share/endicott_interfaces/environment/pythonpath.sh
[4.048s] -- Installing: /root/ros2_ws/src/endicott_interfaces/install/endicott_interfaces/share/endicott_interfaces/environment/pythonpath.dsv
[4.048s] -- Installing: /root/ros2_ws/src/endicott_interfaces/install/endicott_interfaces/local/lib/python3.10/dist-packages/endicott_interfaces-0.0.0-py3.10.egg-info
[4.048s] -- Installing: /root/ros2_ws/src/endicott_interfaces/install/endicott_interfaces/local/lib/python3.10/dist-packages/endicott_interfaces-0.0.0-py3.10.egg-info/top_level.txt
[4.048s] -- Installing: /root/ros2_ws/src/endicott_interfaces/install/endicott_interfaces/local/lib/python3.10/dist-packages/endicott_interfaces-0.0.0-py3.10.egg-info/dependency_links.txt
[4.048s] -- Installing: /root/ros2_ws/src/endicott_interfaces/install/endicott_interfaces/local/lib/python3.10/dist-packages/endicott_interfaces-0.0.0-py3.10.egg-info/SOURCES.txt
[4.048s] -- Installing: /root/ros2_ws/src/endicott_interfaces/install/endicott_interfaces/local/lib/python3.10/dist-packages/endicott_interfaces-0.0.0-py3.10.egg-info/PKG-INFO
[4.048s] -- Installing: /root/ros2_ws/src/endicott_interfaces/install/endicott_interfaces/local/lib/python3.10/dist-packages/endicott_interfaces
[4.048s] -- Installing: /root/ros2_ws/src/endicott_interfaces/install/endicott_interfaces/local/lib/python3.10/dist-packages/endicott_interfaces/endicott_interfaces_s__rosidl_typesupport_introspection_c.cpython-310-x86_64-linux-gnu.so
[4.049s] -- Installing: /root/ros2_ws/src/endicott_interfaces/install/endicott_interfaces/local/lib/python3.10/dist-packages/endicott_interfaces/_endicott_interfaces_s.ep.rosidl_typesupport_fastrtps_c.c
[4.049s] -- Installing: /root/ros2_ws/src/endicott_interfaces/install/endicott_interfaces/local/lib/python3.10/dist-packages/endicott_interfaces/_endicott_interfaces_s.ep.rosidl_typesupport_c.c
[4.049s] -- Installing: /root/ros2_ws/src/endicott_interfaces/install/endicott_interfaces/local/lib/python3.10/dist-packages/endicott_interfaces/endicott_interfaces_s__rosidl_typesupport_c.cpython-310-x86_64-linux-gnu.so
[4.049s] -- Installing: /root/ros2_ws/src/endicott_interfaces/install/endicott_interfaces/local/lib/python3.10/dist-packages/endicott_interfaces/msg
[4.049s] -- Installing: /root/ros2_ws/src/endicott_interfaces/install/endicott_interfaces/local/lib/python3.10/dist-packages/endicott_interfaces/msg/_move_status_s.c
[4.049s] -- Installing: /root/ros2_ws/src/endicott_interfaces/install/endicott_interfaces/local/lib/python3.10/dist-packages/endicott_interfaces/msg/_move_status.py
[4.049s] -- Installing: /root/ros2_ws/src/endicott_interfaces/install/endicott_interfaces/local/lib/python3.10/dist-packages/endicott_interfaces/msg/__init__.py
[4.049s] -- Installing: /root/ros2_ws/src/endicott_interfaces/install/endicott_interfaces/local/lib/python3.10/dist-packages/endicott_interfaces/_endicott_interfaces_s.ep.rosidl_typesupport_introspection_c.c
[4.049s] -- Installing: /root/ros2_ws/src/endicott_interfaces/install/endicott_interfaces/local/lib/python3.10/dist-packages/endicott_interfaces/endicott_interfaces_s__rosidl_typesupport_fastrtps_c.cpython-310-x86_64-linux-gnu.so
[4.049s] -- Installing: /root/ros2_ws/src/endicott_interfaces/install/endicott_interfaces/local/lib/python3.10/dist-packages/endicott_interfaces/libendicott_interfaces__rosidl_generator_py.so
[4.049s] -- Installing: /root/ros2_ws/src/endicott_interfaces/install/endicott_interfaces/local/lib/python3.10/dist-packages/endicott_interfaces/__init__.py
[4.082s] Listing '/root/ros2_ws/src/endicott_interfaces/install/endicott_interfaces/local/lib/python3.10/dist-packages/endicott_interfaces'...
[4.082s] Compiling '/root/ros2_ws/src/endicott_interfaces/install/endicott_interfaces/local/lib/python3.10/dist-packages/endicott_interfaces/__init__.py'...
[4.082s] Listing '/root/ros2_ws/src/endicott_interfaces/install/endicott_interfaces/local/lib/python3.10/dist-packages/endicott_interfaces/msg'...
[4.082s] Compiling '/root/ros2_ws/src/endicott_interfaces/install/endicott_interfaces/local/lib/python3.10/dist-packages/endicott_interfaces/msg/__init__.py'...
[4.082s] Compiling '/root/ros2_ws/src/endicott_interfaces/install/endicott_interfaces/local/lib/python3.10/dist-packages/endicott_interfaces/msg/_move_status.py'...
[4.088s] -- Installing: /root/ros2_ws/src/endicott_interfaces/install/endicott_interfaces/local/lib/python3.10/dist-packages/endicott_interfaces/endicott_interfaces_s__rosidl_typesupport_fastrtps_c.cpython-310-x86_64-linux-gnu.so
[4.088s] -- Set runtime path of "/root/ros2_ws/src/endicott_interfaces/install/endicott_interfaces/local/lib/python3.10/dist-packages/endicott_interfaces/endicott_interfaces_s__rosidl_typesupport_fastrtps_c.cpython-310-x86_64-linux-gnu.so" to ""
[4.088s] -- Installing: /root/ros2_ws/src/endicott_interfaces/install/endicott_interfaces/local/lib/python3.10/dist-packages/endicott_interfaces/endicott_interfaces_s__rosidl_typesupport_introspection_c.cpython-310-x86_64-linux-gnu.so
[4.088s] -- Set runtime path of "/root/ros2_ws/src/endicott_interfaces/install/endicott_interfaces/local/lib/python3.10/dist-packages/endicott_interfaces/endicott_interfaces_s__rosidl_typesupport_introspection_c.cpython-310-x86_64-linux-gnu.so" to ""
[4.088s] -- Installing: /root/ros2_ws/src/endicott_interfaces/install/endicott_interfaces/local/lib/python3.10/dist-packages/endicott_interfaces/endicott_interfaces_s__rosidl_typesupport_c.cpython-310-x86_64-linux-gnu.so
[4.089s] -- Set runtime path of "/root/ros2_ws/src/endicott_interfaces/install/endicott_interfaces/local/lib/python3.10/dist-packages/endicott_interfaces/endicott_interfaces_s__rosidl_typesupport_c.cpython-310-x86_64-linux-gnu.so" to ""
[4.089s] -- Installing: /root/ros2_ws/src/endicott_interfaces/install/endicott_interfaces/lib/libendicott_interfaces__rosidl_generator_py.so
[4.089s] -- Set runtime path of "/root/ros2_ws/src/endicott_interfaces/install/endicott_interfaces/lib/libendicott_interfaces__rosidl_generator_py.so" to ""
[4.089s] -- Installing: /root/ros2_ws/src/endicott_interfaces/install/endicott_interfaces/share/endicott_interfaces/msg/MoveStatus.idl
[4.090s] -- Installing: /root/ros2_ws/src/endicott_interfaces/install/endicott_interfaces/share/endicott_interfaces/msg/MoveStatus.msg
[4.090s] -- Installing: /root/ros2_ws/src/endicott_interfaces/install/endicott_interfaces/share/ament_index/resource_index/package_run_dependencies/endicott_interfaces
[4.090s] -- Installing: /root/ros2_ws/src/endicott_interfaces/install/endicott_interfaces/share/ament_index/resource_index/parent_prefix_path/endicott_interfaces
[4.090s] -- Installing: /root/ros2_ws/src/endicott_interfaces/install/endicott_interfaces/share/endicott_interfaces/environment/ament_prefix_path.sh
[4.091s] -- Installing: /root/ros2_ws/src/endicott_interfaces/install/endicott_interfaces/share/endicott_interfaces/environment/ament_prefix_path.dsv
[4.091s] -- Installing: /root/ros2_ws/src/endicott_interfaces/install/endicott_interfaces/share/endicott_interfaces/environment/path.sh
[4.091s] -- Installing: /root/ros2_ws/src/endicott_interfaces/install/endicott_interfaces/share/endicott_interfaces/environment/path.dsv
[4.091s] -- Installing: /root/ros2_ws/src/endicott_interfaces/install/endicott_interfaces/share/endicott_interfaces/local_setup.bash
[4.091s] -- Installing: /root/ros2_ws/src/endicott_interfaces/install/endicott_interfaces/share/endicott_interfaces/local_setup.sh
[4.091s] -- Installing: /root/ros2_ws/src/endicott_interfaces/install/endicott_interfaces/share/endicott_interfaces/local_setup.zsh
[4.091s] -- Installing: /root/ros2_ws/src/endicott_interfaces/install/endicott_interfaces/share/endicott_interfaces/local_setup.dsv
[4.092s] -- Installing: /root/ros2_ws/src/endicott_interfaces/install/endicott_interfaces/share/endicott_interfaces/package.dsv
[4.092s] -- Installing: /root/ros2_ws/src/endicott_interfaces/install/endicott_interfaces/share/ament_index/resource_index/packages/endicott_interfaces
[4.092s] -- Installing: /root/ros2_ws/src/endicott_interfaces/install/endicott_interfaces/share/endicott_interfaces/cmake/export_endicott_interfaces__rosidl_generator_cExport.cmake
[4.092s] -- Installing: /root/ros2_ws/src/endicott_interfaces/install/endicott_interfaces/share/endicott_interfaces/cmake/export_endicott_interfaces__rosidl_generator_cExport-noconfig.cmake
[4.093s] -- Installing: /root/ros2_ws/src/endicott_interfaces/install/endicott_interfaces/share/endicott_interfaces/cmake/export_endicott_interfaces__rosidl_typesupport_fastrtps_cExport.cmake
[4.093s] -- Installing: /root/ros2_ws/src/endicott_interfaces/install/endicott_interfaces/share/endicott_interfaces/cmake/export_endicott_interfaces__rosidl_typesupport_fastrtps_cExport-noconfig.cmake
[4.093s] -- Installing: /root/ros2_ws/src/endicott_interfaces/install/endicott_interfaces/share/endicott_interfaces/cmake/export_endicott_interfaces__rosidl_generator_cppExport.cmake
[4.093s] -- Installing: /root/ros2_ws/src/endicott_interfaces/install/endicott_interfaces/share/endicott_interfaces/cmake/export_endicott_interfaces__rosidl_typesupport_fastrtps_cppExport.cmake
[4.093s] -- Installing: /root/ros2_ws/src/endicott_interfaces/install/endicott_interfaces/share/endicott_interfaces/cmake/export_endicott_interfaces__rosidl_typesupport_fastrtps_cppExport-noconfig.cmake
[4.093s] -- Installing: /root/ros2_ws/src/endicott_interfaces/install/endicott_interfaces/share/endicott_interfaces/cmake/endicott_interfaces__rosidl_typesupport_introspection_cExport.cmake
[4.094s] -- Installing: /root/ros2_ws/src/endicott_interfaces/install/endicott_interfaces/share/endicott_interfaces/cmake/endicott_interfaces__rosidl_typesupport_introspection_cExport-noconfig.cmake
[4.094s] -- Installing: /root/ros2_ws/src/endicott_interfaces/install/endicott_interfaces/share/endicott_interfaces/cmake/endicott_interfaces__rosidl_typesupport_cExport.cmake
[4.094s] -- Installing: /root/ros2_ws/src/endicott_interfaces/install/endicott_interfaces/share/endicott_interfaces/cmake/endicott_interfaces__rosidl_typesupport_cExport-noconfig.cmake
[4.094s] -- Installing: /root/ros2_ws/src/endicott_interfaces/install/endicott_interfaces/share/endicott_interfaces/cmake/endicott_interfaces__rosidl_typesupport_introspection_cppExport.cmake
[4.094s] -- Installing: /root/ros2_ws/src/endicott_interfaces/install/endicott_interfaces/share/endicott_interfaces/cmake/endicott_interfaces__rosidl_typesupport_introspection_cppExport-noconfig.cmake
[4.094s] -- Installing: /root/ros2_ws/src/endicott_interfaces/install/endicott_interfaces/share/endicott_interfaces/cmake/endicott_interfaces__rosidl_typesupport_cppExport.cmake
[4.094s] -- Installing: /root/ros2_ws/src/endicott_interfaces/install/endicott_interfaces/share/endicott_interfaces/cmake/endicott_interfaces__rosidl_typesupport_cppExport-noconfig.cmake
[4.095s] -- Installing: /root/ros2_ws/src/endicott_interfaces/install/endicott_interfaces/share/endicott_interfaces/cmake/export_endicott_interfaces__rosidl_generator_pyExport.cmake
[4.095s] -- Installing: /root/ros2_ws/src/endicott_interfaces/install/endicott_interfaces/share/endicott_interfaces/cmake/export_endicott_interfaces__rosidl_generator_pyExport-noconfig.cmake
[4.095s] -- Installing: /root/ros2_ws/src/endicott_interfaces/install/endicott_interfaces/share/endicott_interfaces/cmake/rosidl_cmake-extras.cmake
[4.095s] -- Installing: /root/ros2_ws/src/endicott_interfaces/install/endicott_interfaces/share/endicott_interfaces/cmake/ament_cmake_export_dependencies-extras.cmake
[4.095s] -- Installing: /root/ros2_ws/src/endicott_interfaces/install/endicott_interfaces/share/endicott_interfaces/cmake/ament_cmake_export_include_directories-extras.cmake
[4.096s] -- Installing: /root/ros2_ws/src/endicott_interfaces/install/endicott_interfaces/share/endicott_interfaces/cmake/ament_cmake_export_libraries-extras.cmake
[4.096s] -- Installing: /root/ros2_ws/src/endicott_interfaces/install/endicott_interfaces/share/endicott_interfaces/cmake/ament_cmake_export_targets-extras.cmake
[4.096s] -- Installing: /root/ros2_ws/src/endicott_interfaces/install/endicott_interfaces/share/endicott_interfaces/cmake/rosidl_cmake_export_typesupport_targets-extras.cmake
[4.096s] -- Installing: /root/ros2_ws/src/endicott_interfaces/install/endicott_interfaces/share/endicott_interfaces/cmake/rosidl_cmake_export_typesupport_libraries-extras.cmake
[4.096s] -- Installing: /root/ros2_ws/src/endicott_interfaces/install/endicott_interfaces/share/endicott_interfaces/cmake/endicott_interfacesConfig.cmake
[4.096s] -- Installing: /root/ros2_ws/src/endicott_interfaces/install/endicott_interfaces/share/endicott_interfaces/cmake/endicott_interfacesConfig-version.cmake
[4.096s] -- Installing: /root/ros2_ws/src/endicott_interfaces/install/endicott_interfaces/share/endicott_interfaces/package.xml
[4.098s] Invoked command in '/root/ros2_ws/src/endicott_interfaces/build/endicott_interfaces' returned '0': CMAKE_PREFIX_PATH=${CMAKE_PREFIX_PATH}:/root/ros2_ws/install/turtlebot3_teleop:/opt/ros/humble /usr/bin/cmake --install /root/ros2_ws/src/endicott_interfaces/build/endicott_interfaces
