[0.014s] Invoking command in '/root/ros2_ws/src/endicott_interfaces/build/endicott_interfaces': CMAKE_PREFIX_PATH=${CMAKE_PREFIX_PATH}:/root/ros2_ws/install/turtlebot3_teleop:/opt/ros/humble /usr/bin/cmake --build /root/ros2_ws/src/endicott_interfaces/build/endicott_interfaces -- -j8 -l8
[0.049s] [35m[1mConsolidate compiler generated dependencies of target endicott_interfaces__rosidl_generator_c[0m
[0.059s] [  9%] Built target endicott_interfaces__rosidl_generator_c
[0.060s] [ 12%] Built target endicott_interfaces__cpp
[0.069s] [ 12%] Built target ament_cmake_python_copy_endicott_interfaces
[0.070s] [35m[1mConsolidate compiler generated dependencies of target endicott_interfaces__rosidl_typesupport_c[0m
[0.070s] [35m[1mConsolidate compiler generated dependencies of target endicott_interfaces__rosidl_typesupport_fastrtps_c[0m
[0.071s] [35m[1mConsolidate compiler generated dependencies of target endicott_interfaces__rosidl_typesupport_introspection_cpp[0m
[0.071s] [35m[1mConsolidate compiler generated dependencies of target endicott_interfaces__rosidl_typesupport_introspection_c[0m
[0.081s] [35m[1mConsolidate compiler generated dependencies of target endicott_interfaces__rosidl_typesupport_fastrtps_cpp[0m
[0.081s] [35m[1mConsolidate compiler generated dependencies of target endicott_interfaces__rosidl_typesupport_cpp[0m
[0.085s] [ 25%] Built target endicott_interfaces__rosidl_typesupport_introspection_c
[0.085s] [ 32%] Built target endicott_interfaces__rosidl_typesupport_c
[0.086s] [ 41%] Built target endicott_interfaces__rosidl_typesupport_fastrtps_c
[0.091s] [ 51%] Built target endicott_interfaces__rosidl_typesupport_introspection_cpp
[0.095s] [ 70%] Built target endicott_interfaces__rosidl_typesupport_cpp
[0.095s] [ 70%] Built target endicott_interfaces__rosidl_typesupport_fastrtps_cpp
[0.115s] [ 70%] Built target endicott_interfaces
[0.132s] [ 74%] Built target endicott_interfaces__py
[0.142s] [35m[1mConsolidate compiler generated dependencies of target endicott_interfaces__rosidl_generator_py[0m
[0.154s] [ 80%] Built target endicott_interfaces__rosidl_generator_py
[0.165s] [35m[1mConsolidate compiler generated dependencies of target endicott_interfaces__rosidl_typesupport_fastrtps_c__pyext[0m
[0.165s] [35m[1mConsolidate compiler generated dependencies of target endicott_interfaces__rosidl_typesupport_c__pyext[0m
[0.165s] [35m[1mConsolidate compiler generated dependencies of target endicott_interfaces__rosidl_typesupport_introspection_c__pyext[0m
[0.178s] [ 93%] Built target endicott_interfaces__rosidl_typesupport_introspection_c__pyext
[0.178s] [ 96%] Built target endicott_interfaces__rosidl_typesupport_fastrtps_c__pyext
[0.178s] [100%] Built target endicott_interfaces__rosidl_typesupport_c__pyext
[0.309s] running egg_info
[0.310s] writing endicott_interfaces.egg-info/PKG-INFO
[0.310s] writing dependency_links to endicott_interfaces.egg-info/dependency_links.txt
[0.310s] writing top-level names to endicott_interfaces.egg-info/top_level.txt
[0.313s] reading manifest file 'endicott_interfaces.egg-info/SOURCES.txt'
[0.313s] writing manifest file 'endicott_interfaces.egg-info/SOURCES.txt'
[0.337s] [100%] Built target ament_cmake_python_build_endicott_interfaces_egg
[0.345s] Invoked command in '/root/ros2_ws/src/endicott_interfaces/build/endicott_interfaces' returned '0': CMAKE_PREFIX_PATH=${CMAKE_PREFIX_PATH}:/root/ros2_ws/install/turtlebot3_teleop:/opt/ros/humble /usr/bin/cmake --build /root/ros2_ws/src/endicott_interfaces/build/endicott_interfaces -- -j8 -l8
[0.355s] Invoking command in '/root/ros2_ws/src/endicott_interfaces/build/endicott_interfaces': CMAKE_PREFIX_PATH=${CMAKE_PREFIX_PATH}:/root/ros2_ws/install/turtlebot3_teleop:/opt/ros/humble /usr/bin/cmake --install /root/ros2_ws/src/endicott_interfaces/build/endicott_interfaces
[0.361s] -- Install configuration: ""
[0.362s] -- Up-to-date: /root/ros2_ws/src/endicott_interfaces/install/endicott_interfaces/share/ament_index/resource_index/rosidl_interfaces/endicott_interfaces
[0.362s] -- Up-to-date: /root/ros2_ws/src/endicott_interfaces/install/endicott_interfaces/include/endicott_interfaces/endicott_interfaces
[0.362s] -- Up-to-date: /root/ros2_ws/src/endicott_interfaces/install/endicott_interfaces/include/endicott_interfaces/endicott_interfaces/msg
[0.362s] -- Up-to-date: /root/ros2_ws/src/endicott_interfaces/install/endicott_interfaces/include/endicott_interfaces/endicott_interfaces/msg/move_status.h
[0.362s] -- Up-to-date: /root/ros2_ws/src/endicott_interfaces/install/endicott_interfaces/include/endicott_interfaces/endicott_interfaces/msg/rosidl_generator_c__visibility_control.h
[0.362s] -- Up-to-date: /root/ros2_ws/src/endicott_interfaces/install/endicott_interfaces/include/endicott_interfaces/endicott_interfaces/msg/detail
[0.363s] -- Up-to-date: /root/ros2_ws/src/endicott_interfaces/install/endicott_interfaces/include/endicott_interfaces/endicott_interfaces/msg/detail/move_status__functions.h
[0.363s] -- Up-to-date: /root/ros2_ws/src/endicott_interfaces/install/endicott_interfaces/include/endicott_interfaces/endicott_interfaces/msg/detail/move_status__struct.h
[0.363s] -- Up-to-date: /root/ros2_ws/src/endicott_interfaces/install/endicott_interfaces/include/endicott_interfaces/endicott_interfaces/msg/detail/move_status__functions.c
[0.363s] -- Up-to-date: /root/ros2_ws/src/endicott_interfaces/install/endicott_interfaces/include/endicott_interfaces/endicott_interfaces/msg/detail/move_status__type_support.h
[0.363s] -- Up-to-date: /root/ros2_ws/src/endicott_interfaces/install/endicott_interfaces/share/endicott_interfaces/environment/library_path.sh
[0.363s] -- Up-to-date: /root/ros2_ws/src/endicott_interfaces/install/endicott_interfaces/share/endicott_interfaces/environment/library_path.dsv
[0.363s] -- Up-to-date: /root/ros2_ws/src/endicott_interfaces/install/endicott_interfaces/lib/libendicott_interfaces__rosidl_generator_c.so
[0.363s] -- Up-to-date: /root/ros2_ws/src/endicott_interfaces/install/endicott_interfaces/include/endicott_interfaces/endicott_interfaces
[0.363s] -- Up-to-date: /root/ros2_ws/src/endicott_interfaces/install/endicott_interfaces/include/endicott_interfaces/endicott_interfaces/msg
[0.363s] -- Up-to-date: /root/ros2_ws/src/endicott_interfaces/install/endicott_interfaces/include/endicott_interfaces/endicott_interfaces/msg/rosidl_typesupport_fastrtps_c__visibility_control.h
[0.363s] -- Up-to-date: /root/ros2_ws/src/endicott_interfaces/install/endicott_interfaces/include/endicott_interfaces/endicott_interfaces/msg/detail
[0.363s] -- Up-to-date: /root/ros2_ws/src/endicott_interfaces/install/endicott_interfaces/include/endicott_interfaces/endicott_interfaces/msg/detail/move_status__rosidl_typesupport_fastrtps_c.h
[0.363s] -- Up-to-date: /root/ros2_ws/src/endicott_interfaces/install/endicott_interfaces/lib/libendicott_interfaces__rosidl_typesupport_fastrtps_c.so
[0.363s] -- Up-to-date: /root/ros2_ws/src/endicott_interfaces/install/endicott_interfaces/include/endicott_interfaces/endicott_interfaces
[0.364s] -- Up-to-date: /root/ros2_ws/src/endicott_interfaces/install/endicott_interfaces/include/endicott_interfaces/endicott_interfaces/msg
[0.364s] -- Up-to-date: /root/ros2_ws/src/endicott_interfaces/install/endicott_interfaces/include/endicott_interfaces/endicott_interfaces/msg/rosidl_generator_cpp__visibility_control.hpp
[0.364s] -- Up-to-date: /root/ros2_ws/src/endicott_interfaces/install/endicott_interfaces/include/endicott_interfaces/endicott_interfaces/msg/move_status.hpp
[0.364s] -- Up-to-date: /root/ros2_ws/src/endicott_interfaces/install/endicott_interfaces/include/endicott_interfaces/endicott_interfaces/msg/detail
[0.364s] -- Up-to-date: /root/ros2_ws/src/endicott_interfaces/install/endicott_interfaces/include/endicott_interfaces/endicott_interfaces/msg/detail/move_status__traits.hpp
[0.364s] -- Up-to-date: /root/ros2_ws/src/endicott_interfaces/install/endicott_interfaces/include/endicott_interfaces/endicott_interfaces/msg/detail/move_status__struct.hpp
[0.364s] -- Up-to-date: /root/ros2_ws/src/endicott_interfaces/install/endicott_interfaces/include/endicott_interfaces/endicott_interfaces/msg/detail/move_status__builder.hpp
[0.364s] -- Up-to-date: /root/ros2_ws/src/endicott_interfaces/install/endicott_interfaces/include/endicott_interfaces/endicott_interfaces/msg/detail/move_status__type_support.hpp
[0.365s] -- Up-to-date: /root/ros2_ws/src/endicott_interfaces/install/endicott_interfaces/include/endicott_interfaces/endicott_interfaces
[0.365s] -- Up-to-date: /root/ros2_ws/src/endicott_interfaces/install/endicott_interfaces/include/endicott_interfaces/endicott_interfaces/msg
[0.365s] -- Up-to-date: /root/ros2_ws/src/endicott_interfaces/install/endicott_interfaces/include/endicott_interfaces/endicott_interfaces/msg/rosidl_typesupport_fastrtps_cpp__visibility_control.h
[0.366s] -- Up-to-date: /root/ros2_ws/src/endicott_interfaces/install/endicott_interfaces/include/endicott_interfaces/endicott_interfaces/msg/detail
[0.366s] -- Up-to-date: /root/ros2_ws/src/endicott_interfaces/install/endicott_interfaces/include/endicott_interfaces/endicott_interfaces/msg/detail/dds_fastrtps
[0.366s] -- Up-to-date: /root/ros2_ws/src/endicott_interfaces/install/endicott_interfaces/include/endicott_interfaces/endicott_interfaces/msg/detail/move_status__rosidl_typesupport_fastrtps_cpp.hpp
[0.366s] -- Up-to-date: /root/ros2_ws/src/endicott_interfaces/install/endicott_interfaces/lib/libendicott_interfaces__rosidl_typesupport_fastrtps_cpp.so
[0.366s] -- Up-to-date: /root/ros2_ws/src/endicott_interfaces/install/endicott_interfaces/include/endicott_interfaces/endicott_interfaces
[0.366s] -- Up-to-date: /root/ros2_ws/src/endicott_interfaces/install/endicott_interfaces/include/endicott_interfaces/endicott_interfaces/msg
[0.366s] -- Up-to-date: /root/ros2_ws/src/endicott_interfaces/install/endicott_interfaces/include/endicott_interfaces/endicott_interfaces/msg/rosidl_typesupport_introspection_c__visibility_control.h
[0.367s] -- Up-to-date: /root/ros2_ws/src/endicott_interfaces/install/endicott_interfaces/include/endicott_interfaces/endicott_interfaces/msg/detail
[0.367s] -- Up-to-date: /root/ros2_ws/src/endicott_interfaces/install/endicott_interfaces/include/endicott_interfaces/endicott_interfaces/msg/detail/move_status__type_support.c
[0.367s] -- Up-to-date: /root/ros2_ws/src/endicott_interfaces/install/endicott_interfaces/include/endicott_interfaces/endicott_interfaces/msg/detail/move_status__rosidl_typesupport_introspection_c.h
[0.367s] -- Up-to-date: /root/ros2_ws/src/endicott_interfaces/install/endicott_interfaces/lib/libendicott_interfaces__rosidl_typesupport_introspection_c.so
[0.367s] -- Up-to-date: /root/ros2_ws/src/endicott_interfaces/install/endicott_interfaces/lib/libendicott_interfaces__rosidl_typesupport_c.so
[0.367s] -- Up-to-date: /root/ros2_ws/src/endicott_interfaces/install/endicott_interfaces/include/endicott_interfaces/endicott_interfaces
[0.367s] -- Up-to-date: /root/ros2_ws/src/endicott_interfaces/install/endicott_interfaces/include/endicott_interfaces/endicott_interfaces/msg
[0.367s] -- Up-to-date: /root/ros2_ws/src/endicott_interfaces/install/endicott_interfaces/include/endicott_interfaces/endicott_interfaces/msg/detail
[0.367s] -- Up-to-date: /root/ros2_ws/src/endicott_interfaces/install/endicott_interfaces/include/endicott_interfaces/endicott_interfaces/msg/detail/move_status__type_support.cpp
[0.367s] -- Up-to-date: /root/ros2_ws/src/endicott_interfaces/install/endicott_interfaces/include/endicott_interfaces/endicott_interfaces/msg/detail/move_status__rosidl_typesupport_introspection_cpp.hpp
[0.367s] -- Up-to-date: /root/ros2_ws/src/endicott_interfaces/install/endicott_interfaces/lib/libendicott_interfaces__rosidl_typesupport_introspection_cpp.so
[0.367s] -- Up-to-date: /root/ros2_ws/src/endicott_interfaces/install/endicott_interfaces/lib/libendicott_interfaces__rosidl_typesupport_cpp.so
[0.367s] -- Up-to-date: /root/ros2_ws/src/endicott_interfaces/install/endicott_interfaces/share/endicott_interfaces/environment/pythonpath.sh
[0.367s] -- Up-to-date: /root/ros2_ws/src/endicott_interfaces/install/endicott_interfaces/share/endicott_interfaces/environment/pythonpath.dsv
[0.367s] -- Up-to-date: /root/ros2_ws/src/endicott_interfaces/install/endicott_interfaces/local/lib/python3.10/dist-packages/endicott_interfaces-0.0.0-py3.10.egg-info
[0.367s] -- Installing: /root/ros2_ws/src/endicott_interfaces/install/endicott_interfaces/local/lib/python3.10/dist-packages/endicott_interfaces-0.0.0-py3.10.egg-info/top_level.txt
[0.367s] -- Installing: /root/ros2_ws/src/endicott_interfaces/install/endicott_interfaces/local/lib/python3.10/dist-packages/endicott_interfaces-0.0.0-py3.10.egg-info/dependency_links.txt
[0.367s] -- Installing: /root/ros2_ws/src/endicott_interfaces/install/endicott_interfaces/local/lib/python3.10/dist-packages/endicott_interfaces-0.0.0-py3.10.egg-info/SOURCES.txt
[0.367s] -- Installing: /root/ros2_ws/src/endicott_interfaces/install/endicott_interfaces/local/lib/python3.10/dist-packages/endicott_interfaces-0.0.0-py3.10.egg-info/PKG-INFO
[0.367s] -- Up-to-date: /root/ros2_ws/src/endicott_interfaces/install/endicott_interfaces/local/lib/python3.10/dist-packages/endicott_interfaces
[0.367s] -- Up-to-date: /root/ros2_ws/src/endicott_interfaces/install/endicott_interfaces/local/lib/python3.10/dist-packages/endicott_interfaces/endicott_interfaces_s__rosidl_typesupport_introspection_c.cpython-310-x86_64-linux-gnu.so
[0.367s] -- Up-to-date: /root/ros2_ws/src/endicott_interfaces/install/endicott_interfaces/local/lib/python3.10/dist-packages/endicott_interfaces/_endicott_interfaces_s.ep.rosidl_typesupport_fastrtps_c.c
[0.367s] -- Up-to-date: /root/ros2_ws/src/endicott_interfaces/install/endicott_interfaces/local/lib/python3.10/dist-packages/endicott_interfaces/_endicott_interfaces_s.ep.rosidl_typesupport_c.c
[0.368s] -- Up-to-date: /root/ros2_ws/src/endicott_interfaces/install/endicott_interfaces/local/lib/python3.10/dist-packages/endicott_interfaces/endicott_interfaces_s__rosidl_typesupport_c.cpython-310-x86_64-linux-gnu.so
[0.368s] -- Up-to-date: /root/ros2_ws/src/endicott_interfaces/install/endicott_interfaces/local/lib/python3.10/dist-packages/endicott_interfaces/msg
[0.368s] -- Up-to-date: /root/ros2_ws/src/endicott_interfaces/install/endicott_interfaces/local/lib/python3.10/dist-packages/endicott_interfaces/msg/_move_status_s.c
[0.368s] -- Up-to-date: /root/ros2_ws/src/endicott_interfaces/install/endicott_interfaces/local/lib/python3.10/dist-packages/endicott_interfaces/msg/_move_status.py
[0.368s] -- Up-to-date: /root/ros2_ws/src/endicott_interfaces/install/endicott_interfaces/local/lib/python3.10/dist-packages/endicott_interfaces/msg/__init__.py
[0.368s] -- Up-to-date: /root/ros2_ws/src/endicott_interfaces/install/endicott_interfaces/local/lib/python3.10/dist-packages/endicott_interfaces/_endicott_interfaces_s.ep.rosidl_typesupport_introspection_c.c
[0.368s] -- Up-to-date: /root/ros2_ws/src/endicott_interfaces/install/endicott_interfaces/local/lib/python3.10/dist-packages/endicott_interfaces/endicott_interfaces_s__rosidl_typesupport_fastrtps_c.cpython-310-x86_64-linux-gnu.so
[0.368s] -- Up-to-date: /root/ros2_ws/src/endicott_interfaces/install/endicott_interfaces/local/lib/python3.10/dist-packages/endicott_interfaces/libendicott_interfaces__rosidl_generator_py.so
[0.368s] -- Up-to-date: /root/ros2_ws/src/endicott_interfaces/install/endicott_interfaces/local/lib/python3.10/dist-packages/endicott_interfaces/__init__.py
[0.396s] Listing '/root/ros2_ws/src/endicott_interfaces/install/endicott_interfaces/local/lib/python3.10/dist-packages/endicott_interfaces'...
[0.396s] Listing '/root/ros2_ws/src/endicott_interfaces/install/endicott_interfaces/local/lib/python3.10/dist-packages/endicott_interfaces/msg'...
[0.402s] -- Up-to-date: /root/ros2_ws/src/endicott_interfaces/install/endicott_interfaces/local/lib/python3.10/dist-packages/endicott_interfaces/endicott_interfaces_s__rosidl_typesupport_fastrtps_c.cpython-310-x86_64-linux-gnu.so
[0.402s] -- Up-to-date: /root/ros2_ws/src/endicott_interfaces/install/endicott_interfaces/local/lib/python3.10/dist-packages/endicott_interfaces/endicott_interfaces_s__rosidl_typesupport_introspection_c.cpython-310-x86_64-linux-gnu.so
[0.402s] -- Up-to-date: /root/ros2_ws/src/endicott_interfaces/install/endicott_interfaces/local/lib/python3.10/dist-packages/endicott_interfaces/endicott_interfaces_s__rosidl_typesupport_c.cpython-310-x86_64-linux-gnu.so
[0.403s] -- Up-to-date: /root/ros2_ws/src/endicott_interfaces/install/endicott_interfaces/lib/libendicott_interfaces__rosidl_generator_py.so
[0.403s] -- Up-to-date: /root/ros2_ws/src/endicott_interfaces/install/endicott_interfaces/share/endicott_interfaces/msg/MoveStatus.idl
[0.403s] -- Up-to-date: /root/ros2_ws/src/endicott_interfaces/install/endicott_interfaces/share/endicott_interfaces/msg/MoveStatus.msg
[0.403s] -- Up-to-date: /root/ros2_ws/src/endicott_interfaces/install/endicott_interfaces/share/ament_index/resource_index/package_run_dependencies/endicott_interfaces
[0.404s] -- Up-to-date: /root/ros2_ws/src/endicott_interfaces/install/endicott_interfaces/share/ament_index/resource_index/parent_prefix_path/endicott_interfaces
[0.404s] -- Up-to-date: /root/ros2_ws/src/endicott_interfaces/install/endicott_interfaces/share/endicott_interfaces/environment/ament_prefix_path.sh
[0.404s] -- Up-to-date: /root/ros2_ws/src/endicott_interfaces/install/endicott_interfaces/share/endicott_interfaces/environment/ament_prefix_path.dsv
[0.404s] -- Up-to-date: /root/ros2_ws/src/endicott_interfaces/install/endicott_interfaces/share/endicott_interfaces/environment/path.sh
[0.404s] -- Up-to-date: /root/ros2_ws/src/endicott_interfaces/install/endicott_interfaces/share/endicott_interfaces/environment/path.dsv
[0.405s] -- Up-to-date: /root/ros2_ws/src/endicott_interfaces/install/endicott_interfaces/share/endicott_interfaces/local_setup.bash
[0.405s] -- Up-to-date: /root/ros2_ws/src/endicott_interfaces/install/endicott_interfaces/share/endicott_interfaces/local_setup.sh
[0.405s] -- Up-to-date: /root/ros2_ws/src/endicott_interfaces/install/endicott_interfaces/share/endicott_interfaces/local_setup.zsh
[0.405s] -- Up-to-date: /root/ros2_ws/src/endicott_interfaces/install/endicott_interfaces/share/endicott_interfaces/local_setup.dsv
[0.405s] -- Installing: /root/ros2_ws/src/endicott_interfaces/install/endicott_interfaces/share/endicott_interfaces/package.dsv
[0.405s] -- Up-to-date: /root/ros2_ws/src/endicott_interfaces/install/endicott_interfaces/share/ament_index/resource_index/packages/endicott_interfaces
[0.406s] -- Up-to-date: /root/ros2_ws/src/endicott_interfaces/install/endicott_interfaces/share/endicott_interfaces/cmake/export_endicott_interfaces__rosidl_generator_cExport.cmake
[0.406s] -- Up-to-date: /root/ros2_ws/src/endicott_interfaces/install/endicott_interfaces/share/endicott_interfaces/cmake/export_endicott_interfaces__rosidl_generator_cExport-noconfig.cmake
[0.406s] -- Up-to-date: /root/ros2_ws/src/endicott_interfaces/install/endicott_interfaces/share/endicott_interfaces/cmake/export_endicott_interfaces__rosidl_typesupport_fastrtps_cExport.cmake
[0.406s] -- Up-to-date: /root/ros2_ws/src/endicott_interfaces/install/endicott_interfaces/share/endicott_interfaces/cmake/export_endicott_interfaces__rosidl_typesupport_fastrtps_cExport-noconfig.cmake
[0.406s] -- Up-to-date: /root/ros2_ws/src/endicott_interfaces/install/endicott_interfaces/share/endicott_interfaces/cmake/export_endicott_interfaces__rosidl_generator_cppExport.cmake
[0.406s] -- Up-to-date: /root/ros2_ws/src/endicott_interfaces/install/endicott_interfaces/share/endicott_interfaces/cmake/export_endicott_interfaces__rosidl_typesupport_fastrtps_cppExport.cmake
[0.406s] -- Up-to-date: /root/ros2_ws/src/endicott_interfaces/install/endicott_interfaces/share/endicott_interfaces/cmake/export_endicott_interfaces__rosidl_typesupport_fastrtps_cppExport-noconfig.cmake
[0.407s] -- Up-to-date: /root/ros2_ws/src/endicott_interfaces/install/endicott_interfaces/share/endicott_interfaces/cmake/endicott_interfaces__rosidl_typesupport_introspection_cExport.cmake
[0.407s] -- Up-to-date: /root/ros2_ws/src/endicott_interfaces/install/endicott_interfaces/share/endicott_interfaces/cmake/endicott_interfaces__rosidl_typesupport_introspection_cExport-noconfig.cmake
[0.407s] -- Up-to-date: /root/ros2_ws/src/endicott_interfaces/install/endicott_interfaces/share/endicott_interfaces/cmake/endicott_interfaces__rosidl_typesupport_cExport.cmake
[0.407s] -- Up-to-date: /root/ros2_ws/src/endicott_interfaces/install/endicott_interfaces/share/endicott_interfaces/cmake/endicott_interfaces__rosidl_typesupport_cExport-noconfig.cmake
[0.407s] -- Up-to-date: /root/ros2_ws/src/endicott_interfaces/install/endicott_interfaces/share/endicott_interfaces/cmake/endicott_interfaces__rosidl_typesupport_introspection_cppExport.cmake
[0.407s] -- Up-to-date: /root/ros2_ws/src/endicott_interfaces/install/endicott_interfaces/share/endicott_interfaces/cmake/endicott_interfaces__rosidl_typesupport_introspection_cppExport-noconfig.cmake
[0.407s] -- Up-to-date: /root/ros2_ws/src/endicott_interfaces/install/endicott_interfaces/share/endicott_interfaces/cmake/endicott_interfaces__rosidl_typesupport_cppExport.cmake
[0.407s] -- Up-to-date: /root/ros2_ws/src/endicott_interfaces/install/endicott_interfaces/share/endicott_interfaces/cmake/endicott_interfaces__rosidl_typesupport_cppExport-noconfig.cmake
[0.407s] -- Up-to-date: /root/ros2_ws/src/endicott_interfaces/install/endicott_interfaces/share/endicott_interfaces/cmake/export_endicott_interfaces__rosidl_generator_pyExport.cmake
[0.407s] -- Up-to-date: /root/ros2_ws/src/endicott_interfaces/install/endicott_interfaces/share/endicott_interfaces/cmake/export_endicott_interfaces__rosidl_generator_pyExport-noconfig.cmake
[0.407s] -- Up-to-date: /root/ros2_ws/src/endicott_interfaces/install/endicott_interfaces/share/endicott_interfaces/cmake/rosidl_cmake-extras.cmake
[0.408s] -- Up-to-date: /root/ros2_ws/src/endicott_interfaces/install/endicott_interfaces/share/endicott_interfaces/cmake/ament_cmake_export_dependencies-extras.cmake
[0.408s] -- Up-to-date: /root/ros2_ws/src/endicott_interfaces/install/endicott_interfaces/share/endicott_interfaces/cmake/ament_cmake_export_include_directories-extras.cmake
[0.409s] -- Up-to-date: /root/ros2_ws/src/endicott_interfaces/install/endicott_interfaces/share/endicott_interfaces/cmake/ament_cmake_export_libraries-extras.cmake
[0.410s] -- Up-to-date: /root/ros2_ws/src/endicott_interfaces/install/endicott_interfaces/share/endicott_interfaces/cmake/ament_cmake_export_targets-extras.cmake
[0.410s] -- Up-to-date: /root/ros2_ws/src/endicott_interfaces/install/endicott_interfaces/share/endicott_interfaces/cmake/rosidl_cmake_export_typesupport_targets-extras.cmake
[0.411s] -- Up-to-date: /root/ros2_ws/src/endicott_interfaces/install/endicott_interfaces/share/endicott_interfaces/cmake/rosidl_cmake_export_typesupport_libraries-extras.cmake
[0.411s] -- Up-to-date: /root/ros2_ws/src/endicott_interfaces/install/endicott_interfaces/share/endicott_interfaces/cmake/endicott_interfacesConfig.cmake
[0.412s] -- Up-to-date: /root/ros2_ws/src/endicott_interfaces/install/endicott_interfaces/share/endicott_interfaces/cmake/endicott_interfacesConfig-version.cmake
[0.412s] -- Up-to-date: /root/ros2_ws/src/endicott_interfaces/install/endicott_interfaces/share/endicott_interfaces/package.xml
[0.413s] Invoked command in '/root/ros2_ws/src/endicott_interfaces/build/endicott_interfaces' returned '0': CMAKE_PREFIX_PATH=${CMAKE_PREFIX_PATH}:/root/ros2_ws/install/turtlebot3_teleop:/opt/ros/humble /usr/bin/cmake --install /root/ros2_ws/src/endicott_interfaces/build/endicott_interfaces
