[0.014s] Invoking command in '/root/ros2_ws/src/endicott_interfaces/build/endicott_interfaces': CMAKE_PREFIX_PATH=${CMAKE_PREFIX_PATH}:/root/ros2_ws/install/turtlebot3_teleop:/opt/ros/humble /usr/bin/cmake /root/ros2_ws/src/endicott_interfaces -DCMAKE_INSTALL_PREFIX=/root/ros2_ws/src/endicott_interfaces/install/endicott_interfaces
[0.114s] -- The C compiler identification is GNU 11.4.0
[0.398s] -- The CXX compiler identification is GNU 11.4.0
[0.629s] -- Detecting C compiler ABI info
[0.735s] -- Detecting C compiler ABI info - done
[0.742s] -- Check for working C compiler: /usr/bin/cc - skipped
[0.742s] -- Detecting C compile features
[0.743s] -- Detecting C compile features - done
[0.745s] -- Detecting CXX compiler ABI info
[0.874s] -- Detecting CXX compiler ABI info - done
[0.881s] -- Check for working CXX compiler: /usr/bin/c++ - skipped
[0.881s] -- Detecting CXX compile features
[0.882s] -- Detecting CXX compile features - done
[0.884s] -- Found ament_cmake: 1.3.11 (/opt/ros/humble/share/ament_cmake/cmake)
[1.014s] -- Found Python3: /usr/bin/python3 (found version "3.10.12") found components: Interpreter 
[1.103s] -- Found geometry_msgs: 4.2.4 (/opt/ros/humble/share/geometry_msgs/cmake)
[1.237s] -- Found rosidl_generator_c: 3.1.6 (/opt/ros/humble/share/rosidl_generator_c/cmake)
[1.244s] -- Found rosidl_adapter: 3.1.6 (/opt/ros/humble/share/rosidl_adapter/cmake)
[1.252s] -- Found rosidl_generator_cpp: 3.1.6 (/opt/ros/humble/share/rosidl_generator_cpp/cmake)
[1.261s] -- Using all available rosidl_typesupport_c: rosidl_typesupport_fastrtps_c;rosidl_typesupport_introspection_c
[1.275s] -- Using all available rosidl_typesupport_cpp: rosidl_typesupport_fastrtps_cpp;rosidl_typesupport_introspection_cpp
[1.306s] -- Found rosidl_default_generators: 1.2.0 (/opt/ros/humble/share/rosidl_default_generators/cmake)
[1.545s] -- Found ament_cmake_ros: 0.10.0 (/opt/ros/humble/share/ament_cmake_ros/cmake)
[1.567s] Invoked command in '/root/ros2_ws/src/endicott_interfaces/build/endicott_interfaces' returned '-2': CMAKE_PREFIX_PATH=${CMAKE_PREFIX_PATH}:/root/ros2_ws/install/turtlebot3_teleop:/opt/ros/humble /usr/bin/cmake /root/ros2_ws/src/endicott_interfaces -DCMAKE_INSTALL_PREFIX=/root/ros2_ws/src/endicott_interfaces/install/endicott_interfaces
