[0.025s] Invoking command in '/root/ros2_ws/src/endicott_interfaces/build/endicott_interfaces': CMAKE_PREFIX_PATH=/opt/ros/humble /usr/bin/cmake /root/ros2_ws/src/endicott_interfaces -DCMAKE_INSTALL_PREFIX=/root/ros2_ws/src/endicott_interfaces/install/endicott_interfaces
[0.257s] -- The C compiler identification is GNU 11.4.0
[0.585s] -- The CXX compiler identification is GNU 11.4.0
[0.765s] -- Detecting C compiler ABI info
[0.896s] -- Detecting C compiler ABI info - done
[0.902s] -- Check for working C compiler: /usr/bin/cc - skipped
[0.902s] -- Detecting C compile features
[0.903s] -- Detecting C compile features - done
[0.908s] -- Detecting CXX compiler ABI info
[1.020s] -- Detecting CXX compiler ABI info - done
[1.025s] -- Check for working CXX compiler: /usr/bin/c++ - skipped
[1.026s] -- Detecting CXX compile features
[1.026s] -- Detecting CXX compile features - done
[1.041s] -- Found ament_cmake: 1.3.11 (/opt/ros/humble/share/ament_cmake/cmake)
[1.166s] -- Found Python3: /usr/bin/python3 (found version "3.10.12") found components: Interpreter 
[1.291s] -- Found geometry_msgs: 4.2.4 (/opt/ros/humble/share/geometry_msgs/cmake)
[1.440s] -- Found rosidl_generator_c: 3.1.6 (/opt/ros/humble/share/rosidl_generator_c/cmake)
[1.448s] -- Found rosidl_adapter: 3.1.6 (/opt/ros/humble/share/rosidl_adapter/cmake)
[1.465s] -- Found rosidl_generator_cpp: 3.1.6 (/opt/ros/humble/share/rosidl_generator_cpp/cmake)
[1.499s] -- Using all available rosidl_typesupport_c: rosidl_typesupport_fastrtps_c;rosidl_typesupport_introspection_c
[1.534s] -- Using all available rosidl_typesupport_cpp: rosidl_typesupport_fastrtps_cpp;rosidl_typesupport_introspection_cpp
[1.603s] -- Found rosidl_default_generators: 1.2.0 (/opt/ros/humble/share/rosidl_default_generators/cmake)
[1.820s] -- Found ament_cmake_ros: 0.10.0 (/opt/ros/humble/share/ament_cmake_ros/cmake)
[2.112s] -- Using all available rosidl_typesupport_c: rosidl_typesupport_fastrtps_c;rosidl_typesupport_introspection_c
[2.220s] -- Using all available rosidl_typesupport_cpp: rosidl_typesupport_fastrtps_cpp;rosidl_typesupport_introspection_cpp
[2.320s] -- Found PythonInterp: /usr/bin/python3 (found suitable version "3.10.12", minimum required is "3.6") 
[2.324s] -- Found python_cmake_module: 0.10.0 (/opt/ros/humble/share/python_cmake_module/cmake)
[2.521s] -- Found PythonLibs: /usr/lib/x86_64-linux-gnu/libpython3.10.so (found suitable version "3.10.12", minimum required is "3.5") 
[2.521s] -- Using PYTHON_EXECUTABLE: /usr/bin/python3
[2.521s] -- Using PYTHON_INCLUDE_DIRS: /usr/include/python3.10
[2.521s] -- Using PYTHON_LIBRARIES: /usr/lib/x86_64-linux-gnu/libpython3.10.so
[2.537s] -- Found PythonExtra: .so  
[2.613s] -- Configuring done
[2.654s] -- Generating done
[2.666s] -- Build files have been written to: /root/ros2_ws/src/endicott_interfaces/build/endicott_interfaces
[2.675s] Invoked command in '/root/ros2_ws/src/endicott_interfaces/build/endicott_interfaces' returned '0': CMAKE_PREFIX_PATH=/opt/ros/humble /usr/bin/cmake /root/ros2_ws/src/endicott_interfaces -DCMAKE_INSTALL_PREFIX=/root/ros2_ws/src/endicott_interfaces/install/endicott_interfaces
[2.678s] Invoking command in '/root/ros2_ws/src/endicott_interfaces/build/endicott_interfaces': CMAKE_PREFIX_PATH=/opt/ros/humble /usr/bin/cmake --build /root/ros2_ws/src/endicott_interfaces/build/endicott_interfaces -- -j8 -l8
[2.705s] [  3%] [34m[1mGenerating C code for ROS interfaces[0m
[2.715s] [  6%] [34m[1mGenerating C++ code for ROS interfaces[0m
[2.722s] [  6%] Built target ament_cmake_python_copy_endicott_interfaces
[2.981s] running egg_info
[2.982s] creating endicott_interfaces.egg-info
[2.982s] writing endicott_interfaces.egg-info/PKG-INFO
[2.982s] writing dependency_links to endicott_interfaces.egg-info/dependency_links.txt
[2.983s] writing top-level names to endicott_interfaces.egg-info/top_level.txt
[2.983s] writing manifest file 'endicott_interfaces.egg-info/SOURCES.txt'
[2.986s] reading manifest file 'endicott_interfaces.egg-info/SOURCES.txt'
[2.987s] writing manifest file 'endicott_interfaces.egg-info/SOURCES.txt'
[2.997s] [  9%] [32mBuilding C object CMakeFiles/endicott_interfaces__rosidl_generator_c.dir/rosidl_generator_c/endicott_interfaces/msg/detail/move_status__functions.c.o[0m
[3.000s] [  9%] Built target endicott_interfaces__cpp
[3.009s] [ 12%] [34m[1mGenerating C++ type support dispatch for ROS interfaces[0m
[3.010s] [ 16%] [34m[1mGenerating C++ introspection for ROS interfaces[0m
[3.010s] [ 19%] [34m[1mGenerating C++ type support for eProsima Fast-RTPS[0m
[3.019s] [ 19%] Built target ament_cmake_python_build_endicott_interfaces_egg
[3.073s] [ 22%] [32m[1mLinking C shared library libendicott_interfaces__rosidl_generator_c.so[0m
[3.158s] [ 22%] Built target endicott_interfaces__rosidl_generator_c
[3.169s] [ 29%] [34m[1mGenerating C type support dispatch for ROS interfaces[0m
[3.170s] [ 29%] [34m[1mGenerating C type support for eProsima Fast-RTPS[0m
[3.171s] [ 32%] [34m[1mGenerating C introspection for ROS interfaces[0m
[3.265s] [ 35%] [32mBuilding CXX object CMakeFiles/endicott_interfaces__rosidl_typesupport_cpp.dir/rosidl_typesupport_cpp/endicott_interfaces/msg/move_status__type_support.cpp.o[0m
[3.267s] [ 38%] [32mBuilding CXX object CMakeFiles/endicott_interfaces__rosidl_typesupport_introspection_cpp.dir/rosidl_typesupport_introspection_cpp/endicott_interfaces/msg/detail/move_status__type_support.cpp.o[0m
[3.273s] [ 41%] [32mBuilding CXX object CMakeFiles/endicott_interfaces__rosidl_typesupport_fastrtps_cpp.dir/rosidl_typesupport_fastrtps_cpp/endicott_interfaces/msg/detail/dds_fastrtps/move_status__type_support.cpp.o[0m
[3.461s] [ 45%] [32mBuilding CXX object CMakeFiles/endicott_interfaces__rosidl_typesupport_c.dir/rosidl_typesupport_c/endicott_interfaces/msg/move_status__type_support.cpp.o[0m
[3.495s] [ 48%] [32m[1mLinking CXX shared library libendicott_interfaces__rosidl_typesupport_c.so[0m
[3.503s] [ 51%] [32mBuilding CXX object CMakeFiles/endicott_interfaces__rosidl_typesupport_fastrtps_c.dir/rosidl_typesupport_fastrtps_c/endicott_interfaces/msg/detail/move_status__type_support_c.cpp.o[0m
[3.537s] [ 54%] [32mBuilding C object CMakeFiles/endicott_interfaces__rosidl_typesupport_introspection_c.dir/rosidl_typesupport_introspection_c/endicott_interfaces/msg/detail/move_status__type_support.c.o[0m
[3.578s] [ 58%] [32m[1mLinking C shared library libendicott_interfaces__rosidl_typesupport_introspection_c.so[0m
[3.601s] [ 58%] Built target endicott_interfaces__rosidl_typesupport_c
[3.644s] [ 61%] [32m[1mLinking CXX shared library libendicott_interfaces__rosidl_typesupport_cpp.so[0m
[3.667s] [ 61%] Built target endicott_interfaces__rosidl_typesupport_introspection_c
[3.746s] [ 61%] Built target endicott_interfaces__rosidl_typesupport_cpp
[3.771s] [ 64%] [32m[1mLinking CXX shared library libendicott_interfaces__rosidl_typesupport_introspection_cpp.so[0m
[3.785s] [ 67%] [32m[1mLinking CXX shared library libendicott_interfaces__rosidl_typesupport_fastrtps_cpp.so[0m
[3.885s] [ 67%] Built target endicott_interfaces__rosidl_typesupport_introspection_cpp
[3.918s] [ 67%] Built target endicott_interfaces__rosidl_typesupport_fastrtps_cpp
[3.923s] [ 70%] [32m[1mLinking CXX shared library libendicott_interfaces__rosidl_typesupport_fastrtps_c.so[0m
[4.028s] [ 70%] Built target endicott_interfaces__rosidl_typesupport_fastrtps_c
[4.043s] [ 70%] Built target endicott_interfaces
[4.060s] [ 74%] [34m[1mGenerating Python code for ROS interfaces[0m
[4.311s] [ 74%] Built target endicott_interfaces__py
[4.329s] [ 77%] [32mBuilding C object CMakeFiles/endicott_interfaces__rosidl_generator_py.dir/rosidl_generator_py/endicott_interfaces/msg/_move_status_s.c.o[0m
[4.461s] [ 80%] [32m[1mLinking C shared library rosidl_generator_py/endicott_interfaces/libendicott_interfaces__rosidl_generator_py.so[0m
[4.541s] [ 80%] Built target endicott_interfaces__rosidl_generator_py
[4.557s] [ 87%] [32mBuilding C object CMakeFiles/endicott_interfaces__rosidl_typesupport_c__pyext.dir/rosidl_generator_py/endicott_interfaces/_endicott_interfaces_s.ep.rosidl_typesupport_c.c.o[0m
[4.558s] [ 87%] [32mBuilding C object CMakeFiles/endicott_interfaces__rosidl_typesupport_fastrtps_c__pyext.dir/rosidl_generator_py/endicott_interfaces/_endicott_interfaces_s.ep.rosidl_typesupport_fastrtps_c.c.o[0m
[4.558s] [ 90%] [32mBuilding C object CMakeFiles/endicott_interfaces__rosidl_typesupport_introspection_c__pyext.dir/rosidl_generator_py/endicott_interfaces/_endicott_interfaces_s.ep.rosidl_typesupport_introspection_c.c.o[0m
[4.644s] [ 93%] [32m[1mLinking C shared library rosidl_generator_py/endicott_interfaces/endicott_interfaces_s__rosidl_typesupport_fastrtps_c.cpython-310-x86_64-linux-gnu.so[0m
[4.645s] [ 96%] [32m[1mLinking C shared library rosidl_generator_py/endicott_interfaces/endicott_interfaces_s__rosidl_typesupport_introspection_c.cpython-310-x86_64-linux-gnu.so[0m
[4.650s] [100%] [32m[1mLinking C shared library rosidl_generator_py/endicott_interfaces/endicott_interfaces_s__rosidl_typesupport_c.cpython-310-x86_64-linux-gnu.so[0m
[4.727s] [100%] Built target endicott_interfaces__rosidl_typesupport_fastrtps_c__pyext
[4.727s] [100%] Built target endicott_interfaces__rosidl_typesupport_introspection_c__pyext
[4.740s] [100%] Built target endicott_interfaces__rosidl_typesupport_c__pyext
[4.750s] Invoked command in '/root/ros2_ws/src/endicott_interfaces/build/endicott_interfaces' returned '0': CMAKE_PREFIX_PATH=/opt/ros/humble /usr/bin/cmake --build /root/ros2_ws/src/endicott_interfaces/build/endicott_interfaces -- -j8 -l8
[4.758s] Invoking command in '/root/ros2_ws/src/endicott_interfaces/build/endicott_interfaces': CMAKE_PREFIX_PATH=/opt/ros/humble /usr/bin/cmake --install /root/ros2_ws/src/endicott_interfaces/build/endicott_interfaces
[4.764s] -- Install configuration: ""
[4.764s] -- Installing: /root/ros2_ws/src/endicott_interfaces/install/endicott_interfaces/share/ament_index/resource_index/rosidl_interfaces/endicott_interfaces
[4.764s] -- Installing: /root/ros2_ws/src/endicott_interfaces/install/endicott_interfaces/include/endicott_interfaces/endicott_interfaces
[4.765s] -- Installing: /root/ros2_ws/src/endicott_interfaces/install/endicott_interfaces/include/endicott_interfaces/endicott_interfaces/msg
[4.765s] -- Installing: /root/ros2_ws/src/endicott_interfaces/install/endicott_interfaces/include/endicott_interfaces/endicott_interfaces/msg/move_status.h
[4.765s] -- Installing: /root/ros2_ws/src/endicott_interfaces/install/endicott_interfaces/include/endicott_interfaces/endicott_interfaces/msg/rosidl_generator_c__visibility_control.h
[4.765s] -- Installing: /root/ros2_ws/src/endicott_interfaces/install/endicott_interfaces/include/endicott_interfaces/endicott_interfaces/msg/detail
[4.766s] -- Installing: /root/ros2_ws/src/endicott_interfaces/install/endicott_interfaces/include/endicott_interfaces/endicott_interfaces/msg/detail/move_status__functions.h
[4.766s] -- Installing: /root/ros2_ws/src/endicott_interfaces/install/endicott_interfaces/include/endicott_interfaces/endicott_interfaces/msg/detail/move_status__struct.h
[4.766s] -- Installing: /root/ros2_ws/src/endicott_interfaces/install/endicott_interfaces/include/endicott_interfaces/endicott_interfaces/msg/detail/move_status__functions.c
[4.766s] -- Installing: /root/ros2_ws/src/endicott_interfaces/install/endicott_interfaces/include/endicott_interfaces/endicott_interfaces/msg/detail/move_status__type_support.h
[4.766s] -- Installing: /root/ros2_ws/src/endicott_interfaces/install/endicott_interfaces/share/endicott_interfaces/environment/library_path.sh
[4.766s] -- Installing: /root/ros2_ws/src/endicott_interfaces/install/endicott_interfaces/share/endicott_interfaces/environment/library_path.dsv
[4.766s] -- Installing: /root/ros2_ws/src/endicott_interfaces/install/endicott_interfaces/lib/libendicott_interfaces__rosidl_generator_c.so
[4.767s] -- Set runtime path of "/root/ros2_ws/src/endicott_interfaces/install/endicott_interfaces/lib/libendicott_interfaces__rosidl_generator_c.so" to ""
[4.767s] -- Up-to-date: /root/ros2_ws/src/endicott_interfaces/install/endicott_interfaces/include/endicott_interfaces/endicott_interfaces
[4.767s] -- Up-to-date: /root/ros2_ws/src/endicott_interfaces/install/endicott_interfaces/include/endicott_interfaces/endicott_interfaces/msg
[4.767s] -- Installing: /root/ros2_ws/src/endicott_interfaces/install/endicott_interfaces/include/endicott_interfaces/endicott_interfaces/msg/rosidl_typesupport_fastrtps_c__visibility_control.h
[4.767s] -- Up-to-date: /root/ros2_ws/src/endicott_interfaces/install/endicott_interfaces/include/endicott_interfaces/endicott_interfaces/msg/detail
[4.768s] -- Installing: /root/ros2_ws/src/endicott_interfaces/install/endicott_interfaces/include/endicott_interfaces/endicott_interfaces/msg/detail/move_status__rosidl_typesupport_fastrtps_c.h
[4.768s] -- Installing: /root/ros2_ws/src/endicott_interfaces/install/endicott_interfaces/lib/libendicott_interfaces__rosidl_typesupport_fastrtps_c.so
[4.768s] -- Set runtime path of "/root/ros2_ws/src/endicott_interfaces/install/endicott_interfaces/lib/libendicott_interfaces__rosidl_typesupport_fastrtps_c.so" to ""
[4.768s] -- Up-to-date: /root/ros2_ws/src/endicott_interfaces/install/endicott_interfaces/include/endicott_interfaces/endicott_interfaces
[4.768s] -- Up-to-date: /root/ros2_ws/src/endicott_interfaces/install/endicott_interfaces/include/endicott_interfaces/endicott_interfaces/msg
[4.768s] -- Installing: /root/ros2_ws/src/endicott_interfaces/install/endicott_interfaces/include/endicott_interfaces/endicott_interfaces/msg/rosidl_generator_cpp__visibility_control.hpp
[4.769s] -- Installing: /root/ros2_ws/src/endicott_interfaces/install/endicott_interfaces/include/endicott_interfaces/endicott_interfaces/msg/move_status.hpp
[4.769s] -- Up-to-date: /root/ros2_ws/src/endicott_interfaces/install/endicott_interfaces/include/endicott_interfaces/endicott_interfaces/msg/detail
[4.769s] -- Installing: /root/ros2_ws/src/endicott_interfaces/install/endicott_interfaces/include/endicott_interfaces/endicott_interfaces/msg/detail/move_status__traits.hpp
[4.769s] -- Installing: /root/ros2_ws/src/endicott_interfaces/install/endicott_interfaces/include/endicott_interfaces/endicott_interfaces/msg/detail/move_status__struct.hpp
[4.769s] -- Installing: /root/ros2_ws/src/endicott_interfaces/install/endicott_interfaces/include/endicott_interfaces/endicott_interfaces/msg/detail/move_status__builder.hpp
[4.770s] -- Installing: /root/ros2_ws/src/endicott_interfaces/install/endicott_interfaces/include/endicott_interfaces/endicott_interfaces/msg/detail/move_status__type_support.hpp
[4.770s] -- Up-to-date: /root/ros2_ws/src/endicott_interfaces/install/endicott_interfaces/include/endicott_interfaces/endicott_interfaces
[4.770s] -- Up-to-date: /root/ros2_ws/src/endicott_interfaces/install/endicott_interfaces/include/endicott_interfaces/endicott_interfaces/msg
[4.770s] -- Installing: /root/ros2_ws/src/endicott_interfaces/install/endicott_interfaces/include/endicott_interfaces/endicott_interfaces/msg/rosidl_typesupport_fastrtps_cpp__visibility_control.h
[4.770s] -- Up-to-date: /root/ros2_ws/src/endicott_interfaces/install/endicott_interfaces/include/endicott_interfaces/endicott_interfaces/msg/detail
[4.770s] -- Installing: /root/ros2_ws/src/endicott_interfaces/install/endicott_interfaces/include/endicott_interfaces/endicott_interfaces/msg/detail/dds_fastrtps
[4.770s] -- Installing: /root/ros2_ws/src/endicott_interfaces/install/endicott_interfaces/include/endicott_interfaces/endicott_interfaces/msg/detail/move_status__rosidl_typesupport_fastrtps_cpp.hpp
[4.771s] -- Installing: /root/ros2_ws/src/endicott_interfaces/install/endicott_interfaces/lib/libendicott_interfaces__rosidl_typesupport_fastrtps_cpp.so
[4.771s] -- Set runtime path of "/root/ros2_ws/src/endicott_interfaces/install/endicott_interfaces/lib/libendicott_interfaces__rosidl_typesupport_fastrtps_cpp.so" to ""
[4.771s] -- Up-to-date: /root/ros2_ws/src/endicott_interfaces/install/endicott_interfaces/include/endicott_interfaces/endicott_interfaces
[4.771s] -- Up-to-date: /root/ros2_ws/src/endicott_interfaces/install/endicott_interfaces/include/endicott_interfaces/endicott_interfaces/msg
[4.771s] -- Installing: /root/ros2_ws/src/endicott_interfaces/install/endicott_interfaces/include/endicott_interfaces/endicott_interfaces/msg/rosidl_typesupport_introspection_c__visibility_control.h
[4.772s] -- Up-to-date: /root/ros2_ws/src/endicott_interfaces/install/endicott_interfaces/include/endicott_interfaces/endicott_interfaces/msg/detail
[4.772s] -- Installing: /root/ros2_ws/src/endicott_interfaces/install/endicott_interfaces/include/endicott_interfaces/endicott_interfaces/msg/detail/move_status__type_support.c
[4.772s] -- Installing: /root/ros2_ws/src/endicott_interfaces/install/endicott_interfaces/include/endicott_interfaces/endicott_interfaces/msg/detail/move_status__rosidl_typesupport_introspection_c.h
[4.772s] -- Installing: /root/ros2_ws/src/endicott_interfaces/install/endicott_interfaces/lib/libendicott_interfaces__rosidl_typesupport_introspection_c.so
[4.772s] -- Set runtime path of "/root/ros2_ws/src/endicott_interfaces/install/endicott_interfaces/lib/libendicott_interfaces__rosidl_typesupport_introspection_c.so" to ""
[4.772s] -- Installing: /root/ros2_ws/src/endicott_interfaces/install/endicott_interfaces/lib/libendicott_interfaces__rosidl_typesupport_c.so
[4.772s] -- Set runtime path of "/root/ros2_ws/src/endicott_interfaces/install/endicott_interfaces/lib/libendicott_interfaces__rosidl_typesupport_c.so" to ""
[4.772s] -- Up-to-date: /root/ros2_ws/src/endicott_interfaces/install/endicott_interfaces/include/endicott_interfaces/endicott_interfaces
[4.772s] -- Up-to-date: /root/ros2_ws/src/endicott_interfaces/install/endicott_interfaces/include/endicott_interfaces/endicott_interfaces/msg
[4.773s] -- Up-to-date: /root/ros2_ws/src/endicott_interfaces/install/endicott_interfaces/include/endicott_interfaces/endicott_interfaces/msg/detail
[4.773s] -- Installing: /root/ros2_ws/src/endicott_interfaces/install/endicott_interfaces/include/endicott_interfaces/endicott_interfaces/msg/detail/move_status__type_support.cpp
[4.773s] -- Installing: /root/ros2_ws/src/endicott_interfaces/install/endicott_interfaces/include/endicott_interfaces/endicott_interfaces/msg/detail/move_status__rosidl_typesupport_introspection_cpp.hpp
[4.773s] -- Installing: /root/ros2_ws/src/endicott_interfaces/install/endicott_interfaces/lib/libendicott_interfaces__rosidl_typesupport_introspection_cpp.so
[4.773s] -- Set runtime path of "/root/ros2_ws/src/endicott_interfaces/install/endicott_interfaces/lib/libendicott_interfaces__rosidl_typesupport_introspection_cpp.so" to ""
[4.773s] -- Installing: /root/ros2_ws/src/endicott_interfaces/install/endicott_interfaces/lib/libendicott_interfaces__rosidl_typesupport_cpp.so
[4.773s] -- Set runtime path of "/root/ros2_ws/src/endicott_interfaces/install/endicott_interfaces/lib/libendicott_interfaces__rosidl_typesupport_cpp.so" to ""
[4.774s] -- Installing: /root/ros2_ws/src/endicott_interfaces/install/endicott_interfaces/share/endicott_interfaces/environment/pythonpath.sh
[4.774s] -- Installing: /root/ros2_ws/src/endicott_interfaces/install/endicott_interfaces/share/endicott_interfaces/environment/pythonpath.dsv
[4.774s] -- Installing: /root/ros2_ws/src/endicott_interfaces/install/endicott_interfaces/local/lib/python3.10/dist-packages/endicott_interfaces-0.0.0-py3.10.egg-info
[4.774s] -- Installing: /root/ros2_ws/src/endicott_interfaces/install/endicott_interfaces/local/lib/python3.10/dist-packages/endicott_interfaces-0.0.0-py3.10.egg-info/top_level.txt
[4.774s] -- Installing: /root/ros2_ws/src/endicott_interfaces/install/endicott_interfaces/local/lib/python3.10/dist-packages/endicott_interfaces-0.0.0-py3.10.egg-info/dependency_links.txt
[4.774s] -- Installing: /root/ros2_ws/src/endicott_interfaces/install/endicott_interfaces/local/lib/python3.10/dist-packages/endicott_interfaces-0.0.0-py3.10.egg-info/SOURCES.txt
[4.774s] -- Installing: /root/ros2_ws/src/endicott_interfaces/install/endicott_interfaces/local/lib/python3.10/dist-packages/endicott_interfaces-0.0.0-py3.10.egg-info/PKG-INFO
[4.774s] -- Installing: /root/ros2_ws/src/endicott_interfaces/install/endicott_interfaces/local/lib/python3.10/dist-packages/endicott_interfaces
[4.774s] -- Installing: /root/ros2_ws/src/endicott_interfaces/install/endicott_interfaces/local/lib/python3.10/dist-packages/endicott_interfaces/endicott_interfaces_s__rosidl_typesupport_introspection_c.cpython-310-x86_64-linux-gnu.so
[4.775s] -- Installing: /root/ros2_ws/src/endicott_interfaces/install/endicott_interfaces/local/lib/python3.10/dist-packages/endicott_interfaces/_endicott_interfaces_s.ep.rosidl_typesupport_fastrtps_c.c
[4.775s] -- Installing: /root/ros2_ws/src/endicott_interfaces/install/endicott_interfaces/local/lib/python3.10/dist-packages/endicott_interfaces/_endicott_interfaces_s.ep.rosidl_typesupport_c.c
[4.775s] -- Installing: /root/ros2_ws/src/endicott_interfaces/install/endicott_interfaces/local/lib/python3.10/dist-packages/endicott_interfaces/endicott_interfaces_s__rosidl_typesupport_c.cpython-310-x86_64-linux-gnu.so
[4.775s] -- Installing: /root/ros2_ws/src/endicott_interfaces/install/endicott_interfaces/local/lib/python3.10/dist-packages/endicott_interfaces/msg
[4.775s] -- Installing: /root/ros2_ws/src/endicott_interfaces/install/endicott_interfaces/local/lib/python3.10/dist-packages/endicott_interfaces/msg/_move_status_s.c
[4.776s] -- Installing: /root/ros2_ws/src/endicott_interfaces/install/endicott_interfaces/local/lib/python3.10/dist-packages/endicott_interfaces/msg/_move_status.py
[4.776s] -- Installing: /root/ros2_ws/src/endicott_interfaces/install/endicott_interfaces/local/lib/python3.10/dist-packages/endicott_interfaces/msg/__init__.py
[4.776s] -- Installing: /root/ros2_ws/src/endicott_interfaces/install/endicott_interfaces/local/lib/python3.10/dist-packages/endicott_interfaces/_endicott_interfaces_s.ep.rosidl_typesupport_introspection_c.c
[4.776s] -- Installing: /root/ros2_ws/src/endicott_interfaces/install/endicott_interfaces/local/lib/python3.10/dist-packages/endicott_interfaces/endicott_interfaces_s__rosidl_typesupport_fastrtps_c.cpython-310-x86_64-linux-gnu.so
[4.776s] -- Installing: /root/ros2_ws/src/endicott_interfaces/install/endicott_interfaces/local/lib/python3.10/dist-packages/endicott_interfaces/libendicott_interfaces__rosidl_generator_py.so
[4.776s] -- Installing: /root/ros2_ws/src/endicott_interfaces/install/endicott_interfaces/local/lib/python3.10/dist-packages/endicott_interfaces/__init__.py
[4.805s] Listing '/root/ros2_ws/src/endicott_interfaces/install/endicott_interfaces/local/lib/python3.10/dist-packages/endicott_interfaces'...
[4.805s] Compiling '/root/ros2_ws/src/endicott_interfaces/install/endicott_interfaces/local/lib/python3.10/dist-packages/endicott_interfaces/__init__.py'...
[4.805s] Listing '/root/ros2_ws/src/endicott_interfaces/install/endicott_interfaces/local/lib/python3.10/dist-packages/endicott_interfaces/msg'...
[4.805s] Compiling '/root/ros2_ws/src/endicott_interfaces/install/endicott_interfaces/local/lib/python3.10/dist-packages/endicott_interfaces/msg/__init__.py'...
[4.805s] Compiling '/root/ros2_ws/src/endicott_interfaces/install/endicott_interfaces/local/lib/python3.10/dist-packages/endicott_interfaces/msg/_move_status.py'...
[4.810s] -- Installing: /root/ros2_ws/src/endicott_interfaces/install/endicott_interfaces/local/lib/python3.10/dist-packages/endicott_interfaces/endicott_interfaces_s__rosidl_typesupport_fastrtps_c.cpython-310-x86_64-linux-gnu.so
[4.810s] -- Set runtime path of "/root/ros2_ws/src/endicott_interfaces/install/endicott_interfaces/local/lib/python3.10/dist-packages/endicott_interfaces/endicott_interfaces_s__rosidl_typesupport_fastrtps_c.cpython-310-x86_64-linux-gnu.so" to ""
[4.810s] -- Installing: /root/ros2_ws/src/endicott_interfaces/install/endicott_interfaces/local/lib/python3.10/dist-packages/endicott_interfaces/endicott_interfaces_s__rosidl_typesupport_introspection_c.cpython-310-x86_64-linux-gnu.so
[4.811s] -- Set runtime path of "/root/ros2_ws/src/endicott_interfaces/install/endicott_interfaces/local/lib/python3.10/dist-packages/endicott_interfaces/endicott_interfaces_s__rosidl_typesupport_introspection_c.cpython-310-x86_64-linux-gnu.so" to ""
[4.811s] -- Installing: /root/ros2_ws/src/endicott_interfaces/install/endicott_interfaces/local/lib/python3.10/dist-packages/endicott_interfaces/endicott_interfaces_s__rosidl_typesupport_c.cpython-310-x86_64-linux-gnu.so
[4.811s] -- Set runtime path of "/root/ros2_ws/src/endicott_interfaces/install/endicott_interfaces/local/lib/python3.10/dist-packages/endicott_interfaces/endicott_interfaces_s__rosidl_typesupport_c.cpython-310-x86_64-linux-gnu.so" to ""
[4.811s] -- Installing: /root/ros2_ws/src/endicott_interfaces/install/endicott_interfaces/lib/libendicott_interfaces__rosidl_generator_py.so
[4.811s] -- Set runtime path of "/root/ros2_ws/src/endicott_interfaces/install/endicott_interfaces/lib/libendicott_interfaces__rosidl_generator_py.so" to ""
[4.811s] -- Installing: /root/ros2_ws/src/endicott_interfaces/install/endicott_interfaces/share/endicott_interfaces/msg/MoveStatus.idl
[4.812s] -- Installing: /root/ros2_ws/src/endicott_interfaces/install/endicott_interfaces/share/endicott_interfaces/msg/MoveStatus.msg
[4.812s] -- Installing: /root/ros2_ws/src/endicott_interfaces/install/endicott_interfaces/share/ament_index/resource_index/package_run_dependencies/endicott_interfaces
[4.812s] -- Installing: /root/ros2_ws/src/endicott_interfaces/install/endicott_interfaces/share/ament_index/resource_index/parent_prefix_path/endicott_interfaces
[4.812s] -- Installing: /root/ros2_ws/src/endicott_interfaces/install/endicott_interfaces/share/endicott_interfaces/environment/ament_prefix_path.sh
[4.812s] -- Installing: /root/ros2_ws/src/endicott_interfaces/install/endicott_interfaces/share/endicott_interfaces/environment/ament_prefix_path.dsv
[4.812s] -- Installing: /root/ros2_ws/src/endicott_interfaces/install/endicott_interfaces/share/endicott_interfaces/environment/path.sh
[4.813s] -- Installing: /root/ros2_ws/src/endicott_interfaces/install/endicott_interfaces/share/endicott_interfaces/environment/path.dsv
[4.813s] -- Installing: /root/ros2_ws/src/endicott_interfaces/install/endicott_interfaces/share/endicott_interfaces/local_setup.bash
[4.813s] -- Installing: /root/ros2_ws/src/endicott_interfaces/install/endicott_interfaces/share/endicott_interfaces/local_setup.sh
[4.814s] -- Installing: /root/ros2_ws/src/endicott_interfaces/install/endicott_interfaces/share/endicott_interfaces/local_setup.zsh
[4.814s] -- Installing: /root/ros2_ws/src/endicott_interfaces/install/endicott_interfaces/share/endicott_interfaces/local_setup.dsv
[4.814s] -- Installing: /root/ros2_ws/src/endicott_interfaces/install/endicott_interfaces/share/endicott_interfaces/package.dsv
[4.814s] -- Installing: /root/ros2_ws/src/endicott_interfaces/install/endicott_interfaces/share/ament_index/resource_index/packages/endicott_interfaces
[4.814s] -- Installing: /root/ros2_ws/src/endicott_interfaces/install/endicott_interfaces/share/endicott_interfaces/cmake/export_endicott_interfaces__rosidl_generator_cExport.cmake
[4.815s] -- Installing: /root/ros2_ws/src/endicott_interfaces/install/endicott_interfaces/share/endicott_interfaces/cmake/export_endicott_interfaces__rosidl_generator_cExport-noconfig.cmake
[4.815s] -- Installing: /root/ros2_ws/src/endicott_interfaces/install/endicott_interfaces/share/endicott_interfaces/cmake/export_endicott_interfaces__rosidl_typesupport_fastrtps_cExport.cmake
[4.815s] -- Installing: /root/ros2_ws/src/endicott_interfaces/install/endicott_interfaces/share/endicott_interfaces/cmake/export_endicott_interfaces__rosidl_typesupport_fastrtps_cExport-noconfig.cmake
[4.815s] -- Installing: /root/ros2_ws/src/endicott_interfaces/install/endicott_interfaces/share/endicott_interfaces/cmake/export_endicott_interfaces__rosidl_generator_cppExport.cmake
[4.816s] -- Installing: /root/ros2_ws/src/endicott_interfaces/install/endicott_interfaces/share/endicott_interfaces/cmake/export_endicott_interfaces__rosidl_typesupport_fastrtps_cppExport.cmake
[4.816s] -- Installing: /root/ros2_ws/src/endicott_interfaces/install/endicott_interfaces/share/endicott_interfaces/cmake/export_endicott_interfaces__rosidl_typesupport_fastrtps_cppExport-noconfig.cmake
[4.816s] -- Installing: /root/ros2_ws/src/endicott_interfaces/install/endicott_interfaces/share/endicott_interfaces/cmake/endicott_interfaces__rosidl_typesupport_introspection_cExport.cmake
[4.816s] -- Installing: /root/ros2_ws/src/endicott_interfaces/install/endicott_interfaces/share/endicott_interfaces/cmake/endicott_interfaces__rosidl_typesupport_introspection_cExport-noconfig.cmake
[4.816s] -- Installing: /root/ros2_ws/src/endicott_interfaces/install/endicott_interfaces/share/endicott_interfaces/cmake/endicott_interfaces__rosidl_typesupport_cExport.cmake
[4.816s] -- Installing: /root/ros2_ws/src/endicott_interfaces/install/endicott_interfaces/share/endicott_interfaces/cmake/endicott_interfaces__rosidl_typesupport_cExport-noconfig.cmake
[4.817s] -- Installing: /root/ros2_ws/src/endicott_interfaces/install/endicott_interfaces/share/endicott_interfaces/cmake/endicott_interfaces__rosidl_typesupport_introspection_cppExport.cmake
[4.817s] -- Installing: /root/ros2_ws/src/endicott_interfaces/install/endicott_interfaces/share/endicott_interfaces/cmake/endicott_interfaces__rosidl_typesupport_introspection_cppExport-noconfig.cmake
[4.817s] -- Installing: /root/ros2_ws/src/endicott_interfaces/install/endicott_interfaces/share/endicott_interfaces/cmake/endicott_interfaces__rosidl_typesupport_cppExport.cmake
[4.817s] -- Installing: /root/ros2_ws/src/endicott_interfaces/install/endicott_interfaces/share/endicott_interfaces/cmake/endicott_interfaces__rosidl_typesupport_cppExport-noconfig.cmake
[4.817s] -- Installing: /root/ros2_ws/src/endicott_interfaces/install/endicott_interfaces/share/endicott_interfaces/cmake/export_endicott_interfaces__rosidl_generator_pyExport.cmake
[4.817s] -- Installing: /root/ros2_ws/src/endicott_interfaces/install/endicott_interfaces/share/endicott_interfaces/cmake/export_endicott_interfaces__rosidl_generator_pyExport-noconfig.cmake
[4.817s] -- Installing: /root/ros2_ws/src/endicott_interfaces/install/endicott_interfaces/share/endicott_interfaces/cmake/rosidl_cmake-extras.cmake
[4.818s] -- Installing: /root/ros2_ws/src/endicott_interfaces/install/endicott_interfaces/share/endicott_interfaces/cmake/ament_cmake_export_dependencies-extras.cmake
[4.818s] -- Installing: /root/ros2_ws/src/endicott_interfaces/install/endicott_interfaces/share/endicott_interfaces/cmake/ament_cmake_export_include_directories-extras.cmake
[4.818s] -- Installing: /root/ros2_ws/src/endicott_interfaces/install/endicott_interfaces/share/endicott_interfaces/cmake/ament_cmake_export_libraries-extras.cmake
[4.819s] -- Installing: /root/ros2_ws/src/endicott_interfaces/install/endicott_interfaces/share/endicott_interfaces/cmake/ament_cmake_export_targets-extras.cmake
[4.819s] -- Installing: /root/ros2_ws/src/endicott_interfaces/install/endicott_interfaces/share/endicott_interfaces/cmake/rosidl_cmake_export_typesupport_targets-extras.cmake
[4.819s] -- Installing: /root/ros2_ws/src/endicott_interfaces/install/endicott_interfaces/share/endicott_interfaces/cmake/rosidl_cmake_export_typesupport_libraries-extras.cmake
[4.819s] -- Installing: /root/ros2_ws/src/endicott_interfaces/install/endicott_interfaces/share/endicott_interfaces/cmake/endicott_interfacesConfig.cmake
[4.819s] -- Installing: /root/ros2_ws/src/endicott_interfaces/install/endicott_interfaces/share/endicott_interfaces/cmake/endicott_interfacesConfig-version.cmake
[4.819s] -- Installing: /root/ros2_ws/src/endicott_interfaces/install/endicott_interfaces/share/endicott_interfaces/package.xml
[4.822s] Invoked command in '/root/ros2_ws/src/endicott_interfaces/build/endicott_interfaces' returned '0': CMAKE_PREFIX_PATH=/opt/ros/humble /usr/bin/cmake --install /root/ros2_ws/src/endicott_interfaces/build/endicott_interfaces
